<testsuites id="" name="" tests="51" failures="50" skipped="0" errors="0" time="617.2990800000001">
<testsuite name="e2e\api\session-verification.spec.ts" timestamp="2025-10-03T13:55:39.268Z" hostname="chromium" tests="2" failures="2" skipped="0" time="71.847" errors="0">
<testcase name="Session &amp; Role API Verification › supplier session exposes correct role and supplier dashboard API authorized" classname="e2e\api\session-verification.spec.ts" time="50.734">
<failure message="session-verification.spec.ts:5:7 supplier session exposes correct role and supplier dashboard API authorized" type="FAILURE">
<![CDATA[  [chromium] › e2e\api\session-verification.spec.ts:5:7 › Session & Role API Verification › supplier session exposes correct role and supplier dashboard API authorized 

    Test timeout of 45000ms exceeded.

    Error: page.waitForURL: Test timeout of 45000ms exceeded.
    =========================== logs ===========================
    waiting for navigation to "**/dashboard/supplier**" until "networkidle"
      navigated to "http://127.0.0.1:3001/sign-in?message=Could%20not%20authenticate%20user"
    ============================================================

       at helpers\auth.ts:104

      102 |
      103 |   try {
    > 104 |     await page.waitForURL("**/dashboard/supplier**", {
          |                ^
      105 |       timeout: 30000,
      106 |       waitUntil: "networkidle",
      107 |     });
        at loginAsSupplier (C:\Users\Lenovo\Desktop\Workspce\vo-onelink-google\tests\helpers\auth.ts:104:16)
        at C:\Users\Lenovo\Desktop\Workspce\vo-onelink-google\tests\e2e\api\session-verification.spec.ts:6:5

    attachment #1: screenshot (image/png) ──────────────────────────────────────────────────────────
    ..\Dashboard Build\Reports\test-artifacts\e2e-api-session-verificati-cb290-er-dashboard-API-authorized-chromium\test-failed-1.png
    ────────────────────────────────────────────────────────────────────────────────────────────────

    attachment #2: video (video/webm) ──────────────────────────────────────────────────────────────
    ..\Dashboard Build\Reports\test-artifacts\e2e-api-session-verificati-cb290-er-dashboard-API-authorized-chromium\video.webm
    ────────────────────────────────────────────────────────────────────────────────────────────────

    Error Context: ..\Dashboard Build\Reports\test-artifacts\e2e-api-session-verificati-cb290-er-dashboard-API-authorized-chromium\error-context.md

    attachment #4: trace (application/zip) ─────────────────────────────────────────────────────────
    ..\Dashboard Build\Reports\test-artifacts\e2e-api-session-verificati-cb290-er-dashboard-API-authorized-chromium\trace.zip
    Usage:

        pnpm exec playwright show-trace "..\Dashboard Build\Reports\test-artifacts\e2e-api-session-verificati-cb290-er-dashboard-API-authorized-chromium\trace.zip"

    ────────────────────────────────────────────────────────────────────────────────────────────────
]]>
</failure>
<system-out>
<![CDATA[
[[ATTACHMENT|test-artifacts\e2e-api-session-verificati-cb290-er-dashboard-API-authorized-chromium\test-failed-1.png]]

[[ATTACHMENT|test-artifacts\e2e-api-session-verificati-cb290-er-dashboard-API-authorized-chromium\video.webm]]

[[ATTACHMENT|test-artifacts\e2e-api-session-verificati-cb290-er-dashboard-API-authorized-chromium\error-context.md]]

[[ATTACHMENT|test-artifacts\e2e-api-session-verificati-cb290-er-dashboard-API-authorized-chromium\trace.zip]]
]]>
</system-out>
</testcase>
<testcase name="Session &amp; Role API Verification › influencer session exposes correct role; supplier dashboard API forbidden" classname="e2e\api\session-verification.spec.ts" time="21.113">
<failure message="session-verification.spec.ts:19:7 influencer session exposes correct role; supplier dashboard API forbidden" type="FAILURE">
<![CDATA[  [chromium] › e2e\api\session-verification.spec.ts:19:7 › Session & Role API Verification › influencer session exposes correct role; supplier dashboard API forbidden 

    TimeoutError: locator.click: Timeout 10000ms exceeded.
    Call log:
      - waiting for getByRole('button', { name: /sign in/i }).or(locator('button[type="submit"]').first())
        - locator resolved to <button type="submit" class="inline-flex items-center justify-center gap-2 whitespace-nowrap rounded-lg text-sm font-medium transition-all disabled:pointer-events-none disabled:opacity-50 outline-none bg-indigo-600 text-white shadow-sm hover:bg-indigo-700 focus-visible:ring-2 focus-visible:ring-indigo-500 focus-visible:ring-offset-2 h-9 px-4 py-2">Sign In</button>
      - attempting click action
        - waiting for element to be visible, enabled and stable
        - element is visible, enabled and stable
        - scrolling into view if needed
        - done scrolling
        - performing click action
        - click action done
        - waiting for scheduled navigations to finish


       at helpers\auth.ts:69

      67 |     .getByRole("button", { name: /sign in/i })
      68 |     .or(page.locator('button[type="submit"]').first())
    > 69 |     .click();
         |      ^
      70 |
      71 |   try {
      72 |     await page.waitForURL("**/dashboard/influencer**", {
        at loginAsInfluencer (C:\Users\Lenovo\Desktop\Workspce\vo-onelink-google\tests\helpers\auth.ts:69:6)
        at C:\Users\Lenovo\Desktop\Workspce\vo-onelink-google\tests\e2e\api\session-verification.spec.ts:20:5

    attachment #1: screenshot (image/png) ──────────────────────────────────────────────────────────
    ..\Dashboard Build\Reports\test-artifacts\e2e-api-session-verificati-a8b28-ier-dashboard-API-forbidden-chromium\test-failed-1.png
    ────────────────────────────────────────────────────────────────────────────────────────────────

    attachment #2: video (video/webm) ──────────────────────────────────────────────────────────────
    ..\Dashboard Build\Reports\test-artifacts\e2e-api-session-verificati-a8b28-ier-dashboard-API-forbidden-chromium\video.webm
    ────────────────────────────────────────────────────────────────────────────────────────────────

    Error Context: ..\Dashboard Build\Reports\test-artifacts\e2e-api-session-verificati-a8b28-ier-dashboard-API-forbidden-chromium\error-context.md

    attachment #4: trace (application/zip) ─────────────────────────────────────────────────────────
    ..\Dashboard Build\Reports\test-artifacts\e2e-api-session-verificati-a8b28-ier-dashboard-API-forbidden-chromium\trace.zip
    Usage:

        pnpm exec playwright show-trace "..\Dashboard Build\Reports\test-artifacts\e2e-api-session-verificati-a8b28-ier-dashboard-API-forbidden-chromium\trace.zip"

    ────────────────────────────────────────────────────────────────────────────────────────────────
]]>
</failure>
<system-out>
<![CDATA[
[[ATTACHMENT|test-artifacts\e2e-api-session-verificati-a8b28-ier-dashboard-API-forbidden-chromium\test-failed-1.png]]

[[ATTACHMENT|test-artifacts\e2e-api-session-verificati-a8b28-ier-dashboard-API-forbidden-chromium\video.webm]]

[[ATTACHMENT|test-artifacts\e2e-api-session-verificati-a8b28-ier-dashboard-API-forbidden-chromium\error-context.md]]

[[ATTACHMENT|test-artifacts\e2e-api-session-verificati-a8b28-ier-dashboard-API-forbidden-chromium\trace.zip]]
]]>
</system-out>
</testcase>
</testsuite>
<testsuite name="e2e\auth-access.spec.ts" timestamp="2025-10-03T13:55:39.268Z" hostname="chromium" tests="4" failures="4" skipped="0" time="242.565" errors="0">
<testcase name="Auth Access - Email/Password and Role Redirects › admin email/password redirects to /admin/dashboard" classname="e2e\auth-access.spec.ts" time="46.485">
<failure message="auth-access.spec.ts:12:7 admin email/password redirects to /admin/dashboard" type="FAILURE">
<![CDATA[  [chromium] › e2e\auth-access.spec.ts:12:7 › Auth Access - Email/Password and Role Redirects › admin email/password redirects to /admin/dashboard 

    TimeoutError: page.waitForURL: Timeout 15000ms exceeded.
    =========================== logs ===========================
    waiting for navigation to "**/admin/dashboard" until "load"
    ============================================================

      18 |       "TestAdmin123!"
      19 |     );
    > 20 |     await page.waitForURL("**/admin/dashboard", { timeout: 15000 });
         |                ^
      21 |     await expect(
      22 |       page.getByRole("heading", { name: /Admin Dashboard/i })
      23 |     ).toBeVisible();
        at C:\Users\Lenovo\Desktop\Workspce\vo-onelink-google\tests\e2e\auth-access.spec.ts:20:16

    attachment #1: screenshot (image/png) ──────────────────────────────────────────────────────────
    ..\Dashboard Build\Reports\test-artifacts\e2e-auth-access-Auth-Acces-0beb7-edirects-to-admin-dashboard-chromium\test-failed-1.png
    ────────────────────────────────────────────────────────────────────────────────────────────────

    attachment #2: video (video/webm) ──────────────────────────────────────────────────────────────
    ..\Dashboard Build\Reports\test-artifacts\e2e-auth-access-Auth-Acces-0beb7-edirects-to-admin-dashboard-chromium\video.webm
    ────────────────────────────────────────────────────────────────────────────────────────────────

    Error Context: ..\Dashboard Build\Reports\test-artifacts\e2e-auth-access-Auth-Acces-0beb7-edirects-to-admin-dashboard-chromium\error-context.md

    attachment #4: trace (application/zip) ─────────────────────────────────────────────────────────
    ..\Dashboard Build\Reports\test-artifacts\e2e-auth-access-Auth-Acces-0beb7-edirects-to-admin-dashboard-chromium\trace.zip
    Usage:

        pnpm exec playwright show-trace "..\Dashboard Build\Reports\test-artifacts\e2e-auth-access-Auth-Acces-0beb7-edirects-to-admin-dashboard-chromium\trace.zip"

    ────────────────────────────────────────────────────────────────────────────────────────────────
]]>
</failure>
<system-out>
<![CDATA[
[[ATTACHMENT|test-artifacts\e2e-auth-access-Auth-Acces-0beb7-edirects-to-admin-dashboard-chromium\test-failed-1.png]]

[[ATTACHMENT|test-artifacts\e2e-auth-access-Auth-Acces-0beb7-edirects-to-admin-dashboard-chromium\video.webm]]

[[ATTACHMENT|test-artifacts\e2e-auth-access-Auth-Acces-0beb7-edirects-to-admin-dashboard-chromium\error-context.md]]

[[ATTACHMENT|test-artifacts\e2e-auth-access-Auth-Acces-0beb7-edirects-to-admin-dashboard-chromium\trace.zip]]
]]>
</system-out>
</testcase>
<testcase name="Auth Access - Email/Password and Role Redirects › customer redirects to home (no dashboard)" classname="e2e\auth-access.spec.ts" time="51.001">
<failure message="auth-access.spec.ts:26:7 customer redirects to home (no dashboard)" type="FAILURE">
<![CDATA[  [chromium] › e2e\auth-access.spec.ts:26:7 › Auth Access - Email/Password and Role Redirects › customer redirects to home (no dashboard) 

    Test timeout of 45000ms exceeded.

    Error: page.waitForLoadState: Test timeout of 45000ms exceeded.

      30 |       "NewTestPassword123!"
      31 |     );
    > 32 |     await page.waitForLoadState("networkidle");
         |                ^
      33 |     // customers should land on site root
      34 |     const pathname = new URL(page.url()).pathname;
      35 |     expect(pathname).toBe("/");
        at C:\Users\Lenovo\Desktop\Workspce\vo-onelink-google\tests\e2e\auth-access.spec.ts:32:16

    attachment #1: screenshot (image/png) ──────────────────────────────────────────────────────────
    ..\Dashboard Build\Reports\test-artifacts\e2e-auth-access-Auth-Acces-4e088-rects-to-home-no-dashboard--chromium\test-failed-1.png
    ────────────────────────────────────────────────────────────────────────────────────────────────

    attachment #2: video (video/webm) ──────────────────────────────────────────────────────────────
    ..\Dashboard Build\Reports\test-artifacts\e2e-auth-access-Auth-Acces-4e088-rects-to-home-no-dashboard--chromium\video.webm
    ────────────────────────────────────────────────────────────────────────────────────────────────

    Error Context: ..\Dashboard Build\Reports\test-artifacts\e2e-auth-access-Auth-Acces-4e088-rects-to-home-no-dashboard--chromium\error-context.md

    attachment #4: trace (application/zip) ─────────────────────────────────────────────────────────
    ..\Dashboard Build\Reports\test-artifacts\e2e-auth-access-Auth-Acces-4e088-rects-to-home-no-dashboard--chromium\trace.zip
    Usage:

        pnpm exec playwright show-trace "..\Dashboard Build\Reports\test-artifacts\e2e-auth-access-Auth-Acces-4e088-rects-to-home-no-dashboard--chromium\trace.zip"

    ────────────────────────────────────────────────────────────────────────────────────────────────
]]>
</failure>
<system-out>
<![CDATA[
[[ATTACHMENT|test-artifacts\e2e-auth-access-Auth-Acces-4e088-rects-to-home-no-dashboard--chromium\test-failed-1.png]]

[[ATTACHMENT|test-artifacts\e2e-auth-access-Auth-Acces-4e088-rects-to-home-no-dashboard--chromium\video.webm]]

[[ATTACHMENT|test-artifacts\e2e-auth-access-Auth-Acces-4e088-rects-to-home-no-dashboard--chromium\error-context.md]]

[[ATTACHMENT|test-artifacts\e2e-auth-access-Auth-Acces-4e088-rects-to-home-no-dashboard--chromium\trace.zip]]
]]>
</system-out>
</testcase>
<testcase name="Auth Access - Email/Password and Role Redirects › brand/supplier redirects to /dashboard/supplier" classname="e2e\auth-access.spec.ts" time="72.137">
<failure message="auth-access.spec.ts:38:7 brand/supplier redirects to /dashboard/supplier" type="FAILURE">
<![CDATA[  [chromium] › e2e\auth-access.spec.ts:38:7 › Auth Access - Email/Password and Role Redirects › brand/supplier redirects to /dashboard/supplier 

    Test timeout of 45000ms exceeded.

    Error: page.goto: net::ERR_ABORTED; maybe frame was detached?
    Call log:
      - navigating to "http://127.0.0.1:3001/sign-in", waiting until "load"


      2 |
      3 | async function emailPasswordLogin(page: Page, email: string, password: string) {
    > 4 |   await page.goto("/sign-in");
        |              ^
      5 |   await page.getByLabel("Email").fill(email);
      6 |   await page.getByLabel("Password").fill(password);
      7 |   await page.getByRole("button", { name: "Sign In" }).click();
        at emailPasswordLogin (C:\Users\Lenovo\Desktop\Workspce\vo-onelink-google\tests\e2e\auth-access.spec.ts:4:14)
        at C:\Users\Lenovo\Desktop\Workspce\vo-onelink-google\tests\e2e\auth-access.spec.ts:39:11

    attachment #1: video (video/webm) ──────────────────────────────────────────────────────────────
    ..\Dashboard Build\Reports\test-artifacts\e2e-auth-access-Auth-Acces-a1baa-rects-to-dashboard-supplier-chromium\video.webm
    ────────────────────────────────────────────────────────────────────────────────────────────────

    attachment #2: trace (application/zip) ─────────────────────────────────────────────────────────
    ..\Dashboard Build\Reports\test-artifacts\e2e-auth-access-Auth-Acces-a1baa-rects-to-dashboard-supplier-chromium\trace.zip
    Usage:

        pnpm exec playwright show-trace "..\Dashboard Build\Reports\test-artifacts\e2e-auth-access-Auth-Acces-a1baa-rects-to-dashboard-supplier-chromium\trace.zip"

    ────────────────────────────────────────────────────────────────────────────────────────────────
]]>
</failure>
<system-out>
<![CDATA[
[[ATTACHMENT|test-artifacts\e2e-auth-access-Auth-Acces-a1baa-rects-to-dashboard-supplier-chromium\video.webm]]

[[ATTACHMENT|test-artifacts\e2e-auth-access-Auth-Acces-a1baa-rects-to-dashboard-supplier-chromium\trace.zip]]
]]>
</system-out>
</testcase>
<testcase name="Auth Access - Email/Password and Role Redirects › influencer redirects to /dashboard/influencer" classname="e2e\auth-access.spec.ts" time="72.942">
<failure message="auth-access.spec.ts:48:7 influencer redirects to /dashboard/influencer" type="FAILURE">
<![CDATA[  [chromium] › e2e\auth-access.spec.ts:48:7 › Auth Access - Email/Password and Role Redirects › influencer redirects to /dashboard/influencer 

    Test timeout of 45000ms exceeded.

    Error: page.goto: net::ERR_ABORTED; maybe frame was detached?
    Call log:
      - navigating to "http://127.0.0.1:3001/sign-in", waiting until "load"


      2 |
      3 | async function emailPasswordLogin(page: Page, email: string, password: string) {
    > 4 |   await page.goto("/sign-in");
        |              ^
      5 |   await page.getByLabel("Email").fill(email);
      6 |   await page.getByLabel("Password").fill(password);
      7 |   await page.getByRole("button", { name: "Sign In" }).click();
        at emailPasswordLogin (C:\Users\Lenovo\Desktop\Workspce\vo-onelink-google\tests\e2e\auth-access.spec.ts:4:14)
        at C:\Users\Lenovo\Desktop\Workspce\vo-onelink-google\tests\e2e\auth-access.spec.ts:49:11

    attachment #1: video (video/webm) ──────────────────────────────────────────────────────────────
    ..\Dashboard Build\Reports\test-artifacts\e2e-auth-access-Auth-Acces-34270-cts-to-dashboard-influencer-chromium\video.webm
    ────────────────────────────────────────────────────────────────────────────────────────────────

    attachment #2: trace (application/zip) ─────────────────────────────────────────────────────────
    ..\Dashboard Build\Reports\test-artifacts\e2e-auth-access-Auth-Acces-34270-cts-to-dashboard-influencer-chromium\trace.zip
    Usage:

        pnpm exec playwright show-trace "..\Dashboard Build\Reports\test-artifacts\e2e-auth-access-Auth-Acces-34270-cts-to-dashboard-influencer-chromium\trace.zip"

    ────────────────────────────────────────────────────────────────────────────────────────────────
]]>
</failure>
<system-out>
<![CDATA[
[[ATTACHMENT|test-artifacts\e2e-auth-access-Auth-Acces-34270-cts-to-dashboard-influencer-chromium\video.webm]]

[[ATTACHMENT|test-artifacts\e2e-auth-access-Auth-Acces-34270-cts-to-dashboard-influencer-chromium\trace.zip]]
]]>
</system-out>
</testcase>
</testsuite>
<testsuite name="e2e\auth.spec.ts" timestamp="2025-10-03T13:55:39.268Z" hostname="chromium" tests="3" failures="2" skipped="0" time="143.357" errors="0">
<testcase name="Authentication and Authorization Flows › should allow an admin to log in with email and password" classname="e2e\auth.spec.ts" time="50.593">
<failure message="auth.spec.ts:10:7 should allow an admin to log in with email and password" type="FAILURE">
<![CDATA[  [chromium] › e2e\auth.spec.ts:10:7 › Authentication and Authorization Flows › should allow an admin to log in with email and password 

    Test timeout of 45000ms exceeded.

    Error: page.waitForURL: Test timeout of 45000ms exceeded.
    =========================== logs ===========================
    waiting for navigation to "**/admin/dashboard" until "load"
      navigated to "http://127.0.0.1:3001/sign-in?message=Could%20not%20authenticate%20user"
    ============================================================

      21 |
      22 |     // Wait for navigation and verify the URL
    > 23 |     await page.waitForURL("**/admin/dashboard");
         |                ^
      24 |     await expect(page).toHaveURL("/admin/dashboard");
      25 |
      26 |     // Verify that the dashboard contains admin-specific content
        at C:\Users\Lenovo\Desktop\Workspce\vo-onelink-google\tests\e2e\auth.spec.ts:23:16

    attachment #1: screenshot (image/png) ──────────────────────────────────────────────────────────
    ..\Dashboard Build\Reports\test-artifacts\e2e-auth-Authentication-an-fd913--in-with-email-and-password-chromium\test-failed-1.png
    ────────────────────────────────────────────────────────────────────────────────────────────────

    attachment #2: video (video/webm) ──────────────────────────────────────────────────────────────
    ..\Dashboard Build\Reports\test-artifacts\e2e-auth-Authentication-an-fd913--in-with-email-and-password-chromium\video.webm
    ────────────────────────────────────────────────────────────────────────────────────────────────

    Error Context: ..\Dashboard Build\Reports\test-artifacts\e2e-auth-Authentication-an-fd913--in-with-email-and-password-chromium\error-context.md

    attachment #4: trace (application/zip) ─────────────────────────────────────────────────────────
    ..\Dashboard Build\Reports\test-artifacts\e2e-auth-Authentication-an-fd913--in-with-email-and-password-chromium\trace.zip
    Usage:

        pnpm exec playwright show-trace "..\Dashboard Build\Reports\test-artifacts\e2e-auth-Authentication-an-fd913--in-with-email-and-password-chromium\trace.zip"

    ────────────────────────────────────────────────────────────────────────────────────────────────
]]>
</failure>
<system-out>
<![CDATA[
[[ATTACHMENT|test-artifacts\e2e-auth-Authentication-an-fd913--in-with-email-and-password-chromium\test-failed-1.png]]

[[ATTACHMENT|test-artifacts\e2e-auth-Authentication-an-fd913--in-with-email-and-password-chromium\video.webm]]

[[ATTACHMENT|test-artifacts\e2e-auth-Authentication-an-fd913--in-with-email-and-password-chromium\error-context.md]]

[[ATTACHMENT|test-artifacts\e2e-auth-Authentication-an-fd913--in-with-email-and-password-chromium\trace.zip]]
]]>
</system-out>
</testcase>
<testcase name="Authentication and Authorization Flows › should show Google OAuth button on sign-in and trigger navigation" classname="e2e\auth.spec.ts" time="23.773">
</testcase>
<testcase name="Authentication and Authorization Flows › should show an error for invalid email/password credentials" classname="e2e\auth.spec.ts" time="68.991">
<failure message="auth.spec.ts:45:7 should show an error for invalid email/password credentials" type="FAILURE">
<![CDATA[  [chromium] › e2e\auth.spec.ts:45:7 › Authentication and Authorization Flows › should show an error for invalid email/password credentials 

    Test timeout of 45000ms exceeded.

    Error: page.goto: net::ERR_ABORTED; maybe frame was detached?
    Call log:
      - navigating to "http://127.0.0.1:3001/sign-in", waiting until "load"


      46 |     page,
      47 |   }) => {
    > 48 |     await page.goto("/sign-in");
         |                ^
      49 |
      50 |     // Fill in invalid credentials
      51 |     await page.getByLabel("Email").fill("wrong@user.com");
        at C:\Users\Lenovo\Desktop\Workspce\vo-onelink-google\tests\e2e\auth.spec.ts:48:16

    attachment #1: video (video/webm) ──────────────────────────────────────────────────────────────
    ..\Dashboard Build\Reports\test-artifacts\e2e-auth-Authentication-an-fb9e8--email-password-credentials-chromium\video.webm
    ────────────────────────────────────────────────────────────────────────────────────────────────

    attachment #2: trace (application/zip) ─────────────────────────────────────────────────────────
    ..\Dashboard Build\Reports\test-artifacts\e2e-auth-Authentication-an-fb9e8--email-password-credentials-chromium\trace.zip
    Usage:

        pnpm exec playwright show-trace "..\Dashboard Build\Reports\test-artifacts\e2e-auth-Authentication-an-fb9e8--email-password-credentials-chromium\trace.zip"

    ────────────────────────────────────────────────────────────────────────────────────────────────
]]>
</failure>
<system-out>
<![CDATA[
[[ATTACHMENT|test-artifacts\e2e-auth-Authentication-an-fb9e8--email-password-credentials-chromium\video.webm]]

[[ATTACHMENT|test-artifacts\e2e-auth-Authentication-an-fb9e8--email-password-credentials-chromium\trace.zip]]
]]>
</system-out>
</testcase>
</testsuite>
<testsuite name="e2e\checkout\checkout-flow.spec.ts" timestamp="2025-10-03T13:55:39.268Z" hostname="chromium" tests="2" failures="2" skipped="0" time="144.105" errors="0">
<testcase name="Checkout Flow › complete checkout to success page (Stripe test mode supported)" classname="e2e\checkout\checkout-flow.spec.ts" time="72.303">
<failure message="checkout-flow.spec.ts:25:7 complete checkout to success page (Stripe test mode supported)" type="FAILURE">
<![CDATA[  [chromium] › e2e\checkout\checkout-flow.spec.ts:25:7 › Checkout Flow › complete checkout to success page (Stripe test mode supported) 

    Test timeout of 45000ms exceeded while running "beforeEach" hook.

       8 |
       9 | test.describe("Checkout Flow", () => {
    > 10 |   test.beforeEach(async ({ page }) => {
         |        ^
      11 |     // Navigate to a shop page or fallback to generic listing
      12 |     await page.goto("/shops");
      13 |     await page.waitForLoadState("domcontentloaded");
        at C:\Users\Lenovo\Desktop\Workspce\vo-onelink-google\tests\e2e\checkout\checkout-flow.spec.ts:10:8

    Error: page.goto: net::ERR_ABORTED; maybe frame was detached?
    Call log:
      - navigating to "http://127.0.0.1:3001/shops", waiting until "load"


      10 |   test.beforeEach(async ({ page }) => {
      11 |     // Navigate to a shop page or fallback to generic listing
    > 12 |     await page.goto("/shops");
         |                ^
      13 |     await page.waitForLoadState("domcontentloaded");
      14 |
      15 |     const firstShop = page.locator('a[href^="/shop/"]').first();
        at C:\Users\Lenovo\Desktop\Workspce\vo-onelink-google\tests\e2e\checkout\checkout-flow.spec.ts:12:16

    attachment #1: video (video/webm) ──────────────────────────────────────────────────────────────
    ..\Dashboard Build\Reports\test-artifacts\e2e-checkout-checkout-flow-04df3-Stripe-test-mode-supported--chromium\video.webm
    ────────────────────────────────────────────────────────────────────────────────────────────────

    attachment #2: trace (application/zip) ─────────────────────────────────────────────────────────
    ..\Dashboard Build\Reports\test-artifacts\e2e-checkout-checkout-flow-04df3-Stripe-test-mode-supported--chromium\trace.zip
    Usage:

        pnpm exec playwright show-trace "..\Dashboard Build\Reports\test-artifacts\e2e-checkout-checkout-flow-04df3-Stripe-test-mode-supported--chromium\trace.zip"

    ────────────────────────────────────────────────────────────────────────────────────────────────
]]>
</failure>
<system-out>
<![CDATA[
[[ATTACHMENT|test-artifacts\e2e-checkout-checkout-flow-04df3-Stripe-test-mode-supported--chromium\video.webm]]

[[ATTACHMENT|test-artifacts\e2e-checkout-checkout-flow-04df3-Stripe-test-mode-supported--chromium\trace.zip]]
]]>
</system-out>
</testcase>
<testcase name="Checkout Flow › checkout validation prevents submission with missing fields" classname="e2e\checkout\checkout-flow.spec.ts" time="71.802">
<failure message="checkout-flow.spec.ts:128:7 checkout validation prevents submission with missing fields" type="FAILURE">
<![CDATA[  [chromium] › e2e\checkout\checkout-flow.spec.ts:128:7 › Checkout Flow › checkout validation prevents submission with missing fields 

    Test timeout of 45000ms exceeded while running "beforeEach" hook.

       8 |
       9 | test.describe("Checkout Flow", () => {
    > 10 |   test.beforeEach(async ({ page }) => {
         |        ^
      11 |     // Navigate to a shop page or fallback to generic listing
      12 |     await page.goto("/shops");
      13 |     await page.waitForLoadState("domcontentloaded");
        at C:\Users\Lenovo\Desktop\Workspce\vo-onelink-google\tests\e2e\checkout\checkout-flow.spec.ts:10:8

    Error: page.goto: net::ERR_ABORTED; maybe frame was detached?
    Call log:
      - navigating to "http://127.0.0.1:3001/shops", waiting until "load"


      10 |   test.beforeEach(async ({ page }) => {
      11 |     // Navigate to a shop page or fallback to generic listing
    > 12 |     await page.goto("/shops");
         |                ^
      13 |     await page.waitForLoadState("domcontentloaded");
      14 |
      15 |     const firstShop = page.locator('a[href^="/shop/"]').first();
        at C:\Users\Lenovo\Desktop\Workspce\vo-onelink-google\tests\e2e\checkout\checkout-flow.spec.ts:12:16

    attachment #1: video (video/webm) ──────────────────────────────────────────────────────────────
    ..\Dashboard Build\Reports\test-artifacts\e2e-checkout-checkout-flow-98a2d-mission-with-missing-fields-chromium\video.webm
    ────────────────────────────────────────────────────────────────────────────────────────────────

    attachment #2: trace (application/zip) ─────────────────────────────────────────────────────────
    ..\Dashboard Build\Reports\test-artifacts\e2e-checkout-checkout-flow-98a2d-mission-with-missing-fields-chromium\trace.zip
    Usage:

        pnpm exec playwright show-trace "..\Dashboard Build\Reports\test-artifacts\e2e-checkout-checkout-flow-98a2d-mission-with-missing-fields-chromium\trace.zip"

    ────────────────────────────────────────────────────────────────────────────────────────────────
]]>
</failure>
<system-out>
<![CDATA[
[[ATTACHMENT|test-artifacts\e2e-checkout-checkout-flow-98a2d-mission-with-missing-fields-chromium\video.webm]]

[[ATTACHMENT|test-artifacts\e2e-checkout-checkout-flow-98a2d-mission-with-missing-fields-chromium\trace.zip]]
]]>
</system-out>
</testcase>
</testsuite>
<testsuite name="e2e\checkout.spec.ts" timestamp="2025-10-03T13:55:39.268Z" hostname="chromium" tests="1" failures="1" skipped="0" time="10.424" errors="0">
<testcase name="Checkout API › creates checkout session for influencer shop product" classname="e2e\checkout.spec.ts" time="10.424">
<failure message="checkout.spec.ts:28:7 creates checkout session for influencer shop product" type="FAILURE">
<![CDATA[  [chromium] › e2e\checkout.spec.ts:28:7 › Checkout API › creates checkout session for influencer shop product 

    TimeoutError: apiRequestContext.get: Timeout 10000ms exceeded.
    Call log:
      - → GET http://127.0.0.1:3001/api/shop/style-forward
        - user-agent: Mozilla/5.0 (Windows NT 10.0; Win64; x64) AppleWebKit/537.36 (KHTML, like Gecko) Chrome/140.0.7339.16 Safari/537.36
        - accept: */*
        - accept-encoding: gzip,deflate,br


      36 |
      37 |     // 1) Get products from the influencer shop API
    > 38 |     const shopRes = await request.get(`${baseURL}/api/shop/${HANDLE}`);
         |                                   ^
      39 |     expect(shopRes.ok()).toBeTruthy();
      40 |     const shopJson = (await shopRes.json()) as ApiResponseShop;
      41 |     expect(shopJson.ok).toBeTruthy();
        at C:\Users\Lenovo\Desktop\Workspce\vo-onelink-google\tests\e2e\checkout.spec.ts:38:35

    attachment #1: trace (application/zip) ─────────────────────────────────────────────────────────
    ..\Dashboard Build\Reports\test-artifacts\e2e-checkout-Checkout-API--c1b97-for-influencer-shop-product-chromium\trace.zip
    Usage:

        pnpm exec playwright show-trace "..\Dashboard Build\Reports\test-artifacts\e2e-checkout-Checkout-API--c1b97-for-influencer-shop-product-chromium\trace.zip"

    ────────────────────────────────────────────────────────────────────────────────────────────────
]]>
</failure>
<system-out>
<![CDATA[
[[ATTACHMENT|test-artifacts\e2e-checkout-Checkout-API--c1b97-for-influencer-shop-product-chromium\trace.zip]]
]]>
</system-out>
</testcase>
</testsuite>
<testsuite name="e2e\dashboard\admin-access.spec.ts" timestamp="2025-10-03T13:55:39.268Z" hostname="chromium" tests="3" failures="3" skipped="0" time="202.646" errors="0">
<testcase name="Admin Dashboard Access › can access admin dashboard" classname="e2e\dashboard\admin-access.spec.ts" time="66.757">
<failure message="admin-access.spec.ts:9:7 can access admin dashboard" type="FAILURE">
<![CDATA[  [chromium] › e2e\dashboard\admin-access.spec.ts:9:7 › Admin Dashboard Access › can access admin dashboard 

    TimeoutError: locator.click: Timeout 10000ms exceeded.
    Call log:
      - waiting for getByRole('button', { name: /sign in/i }).or(locator('button[type="submit"]').first())
        - locator resolved to <button type="submit" class="inline-flex items-center justify-center gap-2 whitespace-nowrap rounded-lg text-sm font-medium transition-all disabled:pointer-events-none disabled:opacity-50 outline-none bg-indigo-600 text-white shadow-sm hover:bg-indigo-700 focus-visible:ring-2 focus-visible:ring-indigo-500 focus-visible:ring-offset-2 h-9 px-4 py-2">Sign In</button>
      - attempting click action
        - waiting for element to be visible, enabled and stable
        - element is visible, enabled and stable
        - scrolling into view if needed
        - done scrolling
        - performing click action
        - click action done
        - waiting for scheduled navigations to finish


       at helpers\auth.ts:32

      30 |     .getByRole("button", { name: /sign in/i })
      31 |     .or(page.locator('button[type="submit"]').first())
    > 32 |     .click();
         |      ^
      33 |
      34 |   // Wait for either dashboard or a failure signal; extend timeout to cover SSR
      35 |   try {
        at loginAsAdmin (C:\Users\Lenovo\Desktop\Workspce\vo-onelink-google\tests\helpers\auth.ts:32:6)
        at C:\Users\Lenovo\Desktop\Workspce\vo-onelink-google\tests\e2e\dashboard\admin-access.spec.ts:6:5

    Test timeout of 45000ms exceeded.

    attachment #1: trace (application/zip) ─────────────────────────────────────────────────────────
    ..\Dashboard Build\Reports\test-artifacts\e2e-dashboard-admin-access-d2641--can-access-admin-dashboard-chromium\trace.zip
    Usage:

        pnpm exec playwright show-trace "..\Dashboard Build\Reports\test-artifacts\e2e-dashboard-admin-access-d2641--can-access-admin-dashboard-chromium\trace.zip"

    ────────────────────────────────────────────────────────────────────────────────────────────────
]]>
</failure>
<system-out>
<![CDATA[
[[ATTACHMENT|test-artifacts\e2e-dashboard-admin-access-d2641--can-access-admin-dashboard-chromium\trace.zip]]
]]>
</system-out>
</testcase>
<testcase name="Admin Dashboard Access › can access supplier dashboard pages" classname="e2e\dashboard\admin-access.spec.ts" time="63.668">
<failure message="admin-access.spec.ts:16:7 can access supplier dashboard pages" type="FAILURE">
<![CDATA[  [chromium] › e2e\dashboard\admin-access.spec.ts:16:7 › Admin Dashboard Access › can access supplier dashboard pages 

    TimeoutError: locator.click: Timeout 10000ms exceeded.
    Call log:
      - waiting for getByRole('button', { name: /sign in/i }).or(locator('button[type="submit"]').first())
        - locator resolved to <button type="submit" class="inline-flex items-center justify-center gap-2 whitespace-nowrap rounded-lg text-sm font-medium transition-all disabled:pointer-events-none disabled:opacity-50 outline-none bg-indigo-600 text-white shadow-sm hover:bg-indigo-700 focus-visible:ring-2 focus-visible:ring-indigo-500 focus-visible:ring-offset-2 h-9 px-4 py-2">Sign In</button>
      - attempting click action
        - waiting for element to be visible, enabled and stable
        - element is visible, enabled and stable
        - scrolling into view if needed
        - done scrolling
        - performing click action
        - click action done
        - waiting for scheduled navigations to finish


       at helpers\auth.ts:32

      30 |     .getByRole("button", { name: /sign in/i })
      31 |     .or(page.locator('button[type="submit"]').first())
    > 32 |     .click();
         |      ^
      33 |
      34 |   // Wait for either dashboard or a failure signal; extend timeout to cover SSR
      35 |   try {
        at loginAsAdmin (C:\Users\Lenovo\Desktop\Workspce\vo-onelink-google\tests\helpers\auth.ts:32:6)
        at C:\Users\Lenovo\Desktop\Workspce\vo-onelink-google\tests\e2e\dashboard\admin-access.spec.ts:6:5

    Test timeout of 45000ms exceeded.

    attachment #1: trace (application/zip) ─────────────────────────────────────────────────────────
    ..\Dashboard Build\Reports\test-artifacts\e2e-dashboard-admin-access-f6e81-ss-supplier-dashboard-pages-chromium\trace.zip
    Usage:

        pnpm exec playwright show-trace "..\Dashboard Build\Reports\test-artifacts\e2e-dashboard-admin-access-f6e81-ss-supplier-dashboard-pages-chromium\trace.zip"

    ────────────────────────────────────────────────────────────────────────────────────────────────
]]>
</failure>
<system-out>
<![CDATA[
[[ATTACHMENT|test-artifacts\e2e-dashboard-admin-access-f6e81-ss-supplier-dashboard-pages-chromium\trace.zip]]
]]>
</system-out>
</testcase>
<testcase name="Admin Dashboard Access › supplier orders and analytics pages load" classname="e2e\dashboard\admin-access.spec.ts" time="72.221">
<failure message="admin-access.spec.ts:25:7 supplier orders and analytics pages load" type="FAILURE">
<![CDATA[  [chromium] › e2e\dashboard\admin-access.spec.ts:25:7 › Admin Dashboard Access › supplier orders and analytics pages load 

    Test timeout of 45000ms exceeded while running "beforeEach" hook.

      3 |
      4 | test.describe("Admin Dashboard Access", () => {
    > 5 |   test.beforeEach(async ({ page }) => {
        |        ^
      6 |     await loginAsAdmin(page);
      7 |   });
      8 |
        at C:\Users\Lenovo\Desktop\Workspce\vo-onelink-google\tests\e2e\dashboard\admin-access.spec.ts:5:8

    Error: page.goto: net::ERR_ABORTED; maybe frame was detached?
    Call log:
      - navigating to "http://127.0.0.1:3001/sign-in", waiting until "domcontentloaded"


       at helpers\auth.ts:20

      18 |
      19 | export async function loginAsAdmin(page: Page) {
    > 20 |   await page.goto("/sign-in", { waitUntil: "domcontentloaded" });
         |              ^
      21 |   const email = page
      22 |     .getByLabel(/email/i)
      23 |     .or(page.locator('input[name="email"]').first());
        at loginAsAdmin (C:\Users\Lenovo\Desktop\Workspce\vo-onelink-google\tests\helpers\auth.ts:20:14)
        at C:\Users\Lenovo\Desktop\Workspce\vo-onelink-google\tests\e2e\dashboard\admin-access.spec.ts:6:23

    attachment #1: video (video/webm) ──────────────────────────────────────────────────────────────
    ..\Dashboard Build\Reports\test-artifacts\e2e-dashboard-admin-access-d7ce2-rs-and-analytics-pages-load-chromium\video.webm
    ────────────────────────────────────────────────────────────────────────────────────────────────

    attachment #2: trace (application/zip) ─────────────────────────────────────────────────────────
    ..\Dashboard Build\Reports\test-artifacts\e2e-dashboard-admin-access-d7ce2-rs-and-analytics-pages-load-chromium\trace.zip
    Usage:

        pnpm exec playwright show-trace "..\Dashboard Build\Reports\test-artifacts\e2e-dashboard-admin-access-d7ce2-rs-and-analytics-pages-load-chromium\trace.zip"

    ────────────────────────────────────────────────────────────────────────────────────────────────
]]>
</failure>
<system-out>
<![CDATA[
[[ATTACHMENT|test-artifacts\e2e-dashboard-admin-access-d7ce2-rs-and-analytics-pages-load-chromium\video.webm]]

[[ATTACHMENT|test-artifacts\e2e-dashboard-admin-access-d7ce2-rs-and-analytics-pages-load-chromium\trace.zip]]
]]>
</system-out>
</testcase>
</testsuite>
<testsuite name="e2e\dashboard\influencer-dashboard.spec.ts" timestamp="2025-10-03T13:55:39.268Z" hostname="chromium" tests="1" failures="1" skipped="0" time="51.183" errors="0">
<testcase name="Influencer Dashboard Access › dashboard loads and shows influencer UI" classname="e2e\dashboard\influencer-dashboard.spec.ts" time="51.183">
<failure message="influencer-dashboard.spec.ts:9:7 dashboard loads and shows influencer UI" type="FAILURE">
<![CDATA[  [chromium] › e2e\dashboard\influencer-dashboard.spec.ts:9:7 › Influencer Dashboard Access › dashboard loads and shows influencer UI 

    Test timeout of 45000ms exceeded while running "beforeEach" hook.

      3 |
      4 | test.describe("Influencer Dashboard Access", () => {
    > 5 |   test.beforeEach(async ({ page }) => {
        |        ^
      6 |     await loginAsInfluencer(page);
      7 |   });
      8 |
        at C:\Users\Lenovo\Desktop\Workspce\vo-onelink-google\tests\e2e\dashboard\influencer-dashboard.spec.ts:5:8

    Error: page.waitForURL: Test timeout of 45000ms exceeded.
    =========================== logs ===========================
    waiting for navigation to "**/dashboard/influencer**" until "networkidle"
      navigated to "http://127.0.0.1:3001/sign-in?message=Could%20not%20authenticate%20user"
    ============================================================

       at helpers\auth.ts:72

      70 |
      71 |   try {
    > 72 |     await page.waitForURL("**/dashboard/influencer**", {
         |                ^
      73 |       timeout: 30000,
      74 |       waitUntil: "networkidle",
      75 |     });
        at loginAsInfluencer (C:\Users\Lenovo\Desktop\Workspce\vo-onelink-google\tests\helpers\auth.ts:72:16)
        at C:\Users\Lenovo\Desktop\Workspce\vo-onelink-google\tests\e2e\dashboard\influencer-dashboard.spec.ts:6:5

    attachment #1: screenshot (image/png) ──────────────────────────────────────────────────────────
    ..\Dashboard Build\Reports\test-artifacts\e2e-dashboard-influencer-d-3e17f-ads-and-shows-influencer-UI-chromium\test-failed-1.png
    ────────────────────────────────────────────────────────────────────────────────────────────────

    attachment #2: video (video/webm) ──────────────────────────────────────────────────────────────
    ..\Dashboard Build\Reports\test-artifacts\e2e-dashboard-influencer-d-3e17f-ads-and-shows-influencer-UI-chromium\video.webm
    ────────────────────────────────────────────────────────────────────────────────────────────────

    Error Context: ..\Dashboard Build\Reports\test-artifacts\e2e-dashboard-influencer-d-3e17f-ads-and-shows-influencer-UI-chromium\error-context.md

    attachment #4: trace (application/zip) ─────────────────────────────────────────────────────────
    ..\Dashboard Build\Reports\test-artifacts\e2e-dashboard-influencer-d-3e17f-ads-and-shows-influencer-UI-chromium\trace.zip
    Usage:

        pnpm exec playwright show-trace "..\Dashboard Build\Reports\test-artifacts\e2e-dashboard-influencer-d-3e17f-ads-and-shows-influencer-UI-chromium\trace.zip"

    ────────────────────────────────────────────────────────────────────────────────────────────────
]]>
</failure>
<system-out>
<![CDATA[
[[ATTACHMENT|test-artifacts\e2e-dashboard-influencer-d-3e17f-ads-and-shows-influencer-UI-chromium\test-failed-1.png]]

[[ATTACHMENT|test-artifacts\e2e-dashboard-influencer-d-3e17f-ads-and-shows-influencer-UI-chromium\video.webm]]

[[ATTACHMENT|test-artifacts\e2e-dashboard-influencer-d-3e17f-ads-and-shows-influencer-UI-chromium\error-context.md]]

[[ATTACHMENT|test-artifacts\e2e-dashboard-influencer-d-3e17f-ads-and-shows-influencer-UI-chromium\trace.zip]]
]]>
</system-out>
</testcase>
</testsuite>
<testsuite name="e2e\dashboard\role-routing.spec.ts" timestamp="2025-10-03T13:55:39.268Z" hostname="chromium" tests="3" failures="3" skipped="0" time="212.166" errors="0">
<testcase name="Role-based dashboard routing › unauthenticated users are redirected to sign-in for both dashboards" classname="e2e\dashboard\role-routing.spec.ts" time="65.567">
<failure message="role-routing.spec.ts:13:7 unauthenticated users are redirected to sign-in for both dashboards" type="FAILURE">
<![CDATA[  [chromium] › e2e\dashboard\role-routing.spec.ts:13:7 › Role-based dashboard routing › unauthenticated users are redirected to sign-in for both dashboards 

    Test timeout of 45000ms exceeded.

    Error: page.goto: net::ERR_ABORTED; maybe frame was detached?
    Call log:
      - navigating to "http://127.0.0.1:3001/dashboard/supplier", waiting until "load"


      12 |
      13 |   test("unauthenticated users are redirected to sign-in for both dashboards", async ({ page }) => {
    > 14 |     await page.goto("/dashboard/supplier");
         |                ^
      15 |     await page.waitForURL(/\/sign-in(\?.*)?$/, { timeout: 15000 });
      16 |     await expect(page).toHaveURL(/\/sign-in/);
      17 |
        at C:\Users\Lenovo\Desktop\Workspce\vo-onelink-google\tests\e2e\dashboard\role-routing.spec.ts:14:16

    attachment #1: video (video/webm) ──────────────────────────────────────────────────────────────
    ..\Dashboard Build\Reports\test-artifacts\e2e-dashboard-role-routing-60f40-sign-in-for-both-dashboards-chromium\video.webm
    ────────────────────────────────────────────────────────────────────────────────────────────────

    attachment #2: trace (application/zip) ─────────────────────────────────────────────────────────
    ..\Dashboard Build\Reports\test-artifacts\e2e-dashboard-role-routing-60f40-sign-in-for-both-dashboards-chromium\trace.zip
    Usage:

        pnpm exec playwright show-trace "..\Dashboard Build\Reports\test-artifacts\e2e-dashboard-role-routing-60f40-sign-in-for-both-dashboards-chromium\trace.zip"

    ────────────────────────────────────────────────────────────────────────────────────────────────
]]>
</failure>
<system-out>
<![CDATA[
[[ATTACHMENT|test-artifacts\e2e-dashboard-role-routing-60f40-sign-in-for-both-dashboards-chromium\video.webm]]

[[ATTACHMENT|test-artifacts\e2e-dashboard-role-routing-60f40-sign-in-for-both-dashboards-chromium\trace.zip]]
]]>
</system-out>
</testcase>
<testcase name="Role-based dashboard routing › influencer cannot access supplier dashboard and is redirected to influencer" classname="e2e\dashboard\role-routing.spec.ts" time="72.517">
<failure message="role-routing.spec.ts:23:7 influencer cannot access supplier dashboard and is redirected to influencer" type="FAILURE">
<![CDATA[  [chromium] › e2e\dashboard\role-routing.spec.ts:23:7 › Role-based dashboard routing › influencer cannot access supplier dashboard and is redirected to influencer 

    Test timeout of 45000ms exceeded while running "beforeEach" hook.

       7 |
       8 | test.describe("Role-based dashboard routing", () => {
    >  9 |   test.beforeEach(async ({ page }) => {
         |        ^
      10 |     await ensureSignedOut(page);
      11 |   });
      12 |
        at C:\Users\Lenovo\Desktop\Workspce\vo-onelink-google\tests\e2e\dashboard\role-routing.spec.ts:9:8

    attachment #1: video (video/webm) ──────────────────────────────────────────────────────────────
    ..\Dashboard Build\Reports\test-artifacts\e2e-dashboard-role-routing-dc30c-is-redirected-to-influencer-chromium\video.webm
    ────────────────────────────────────────────────────────────────────────────────────────────────

    attachment #2: trace (application/zip) ─────────────────────────────────────────────────────────
    ..\Dashboard Build\Reports\test-artifacts\e2e-dashboard-role-routing-dc30c-is-redirected-to-influencer-chromium\trace.zip
    Usage:

        pnpm exec playwright show-trace "..\Dashboard Build\Reports\test-artifacts\e2e-dashboard-role-routing-dc30c-is-redirected-to-influencer-chromium\trace.zip"

    ────────────────────────────────────────────────────────────────────────────────────────────────
]]>
</failure>
<system-out>
<![CDATA[
[[ATTACHMENT|test-artifacts\e2e-dashboard-role-routing-dc30c-is-redirected-to-influencer-chromium\video.webm]]

[[ATTACHMENT|test-artifacts\e2e-dashboard-role-routing-dc30c-is-redirected-to-influencer-chromium\trace.zip]]
]]>
</system-out>
</testcase>
<testcase name="Role-based dashboard routing › supplier cannot access influencer dashboard and is redirected to supplier" classname="e2e\dashboard\role-routing.spec.ts" time="74.082">
<failure message="role-routing.spec.ts:33:7 supplier cannot access influencer dashboard and is redirected to supplier" type="FAILURE">
<![CDATA[  [chromium] › e2e\dashboard\role-routing.spec.ts:33:7 › Role-based dashboard routing › supplier cannot access influencer dashboard and is redirected to supplier 

    Test timeout of 45000ms exceeded while running "beforeEach" hook.

       7 |
       8 | test.describe("Role-based dashboard routing", () => {
    >  9 |   test.beforeEach(async ({ page }) => {
         |        ^
      10 |     await ensureSignedOut(page);
      11 |   });
      12 |
        at C:\Users\Lenovo\Desktop\Workspce\vo-onelink-google\tests\e2e\dashboard\role-routing.spec.ts:9:8

    attachment #1: video (video/webm) ──────────────────────────────────────────────────────────────
    ..\Dashboard Build\Reports\test-artifacts\e2e-dashboard-role-routing-0a41d-d-is-redirected-to-supplier-chromium\video.webm
    ────────────────────────────────────────────────────────────────────────────────────────────────

    attachment #2: trace (application/zip) ─────────────────────────────────────────────────────────
    ..\Dashboard Build\Reports\test-artifacts\e2e-dashboard-role-routing-0a41d-d-is-redirected-to-supplier-chromium\trace.zip
    Usage:

        pnpm exec playwright show-trace "..\Dashboard Build\Reports\test-artifacts\e2e-dashboard-role-routing-0a41d-d-is-redirected-to-supplier-chromium\trace.zip"

    ────────────────────────────────────────────────────────────────────────────────────────────────
]]>
</failure>
<system-out>
<![CDATA[
[[ATTACHMENT|test-artifacts\e2e-dashboard-role-routing-0a41d-d-is-redirected-to-supplier-chromium\video.webm]]

[[ATTACHMENT|test-artifacts\e2e-dashboard-role-routing-0a41d-d-is-redirected-to-supplier-chromium\trace.zip]]
]]>
</system-out>
</testcase>
</testsuite>
<testsuite name="e2e\dashboard\supplier-dashboard.spec.ts" timestamp="2025-10-03T13:55:39.268Z" hostname="chromium" tests="6" failures="6" skipped="0" time="351.662" errors="0">
<testcase name="Supplier Dashboard › overview page loads with stats cards" classname="e2e\dashboard\supplier-dashboard.spec.ts" time="28.792">
<failure message="supplier-dashboard.spec.ts:9:7 overview page loads with stats cards" type="FAILURE">
<![CDATA[  [chromium] › e2e\dashboard\supplier-dashboard.spec.ts:9:7 › Supplier Dashboard › overview page loads with stats cards 

    TimeoutError: locator.click: Timeout 10000ms exceeded.
    Call log:
      - waiting for getByRole('button', { name: /sign in/i }).or(locator('button[type="submit"]').first())
        - locator resolved to <button type="submit" class="inline-flex items-center justify-center gap-2 whitespace-nowrap rounded-lg text-sm font-medium transition-all disabled:pointer-events-none disabled:opacity-50 outline-none bg-indigo-600 text-white shadow-sm hover:bg-indigo-700 focus-visible:ring-2 focus-visible:ring-indigo-500 focus-visible:ring-offset-2 h-9 px-4 py-2">Sign In</button>
      - attempting click action
        - waiting for element to be visible, enabled and stable
        - element is visible, enabled and stable
        - scrolling into view if needed
        - done scrolling
        - performing click action
        - click action done
        - waiting for scheduled navigations to finish


       at helpers\auth.ts:101

       99 |     .getByRole("button", { name: /sign in/i })
      100 |     .or(page.locator('button[type="submit"]').first())
    > 101 |     .click();
          |      ^
      102 |
      103 |   try {
      104 |     await page.waitForURL("**/dashboard/supplier**", {
        at loginAsSupplier (C:\Users\Lenovo\Desktop\Workspce\vo-onelink-google\tests\helpers\auth.ts:101:6)
        at C:\Users\Lenovo\Desktop\Workspce\vo-onelink-google\tests\e2e\dashboard\supplier-dashboard.spec.ts:6:5

    attachment #1: video (video/webm) ──────────────────────────────────────────────────────────────
    ..\Dashboard Build\Reports\test-artifacts\e2e-dashboard-supplier-das-e0f25-page-loads-with-stats-cards-chromium\video.webm
    ────────────────────────────────────────────────────────────────────────────────────────────────

    Error Context: ..\Dashboard Build\Reports\test-artifacts\e2e-dashboard-supplier-das-e0f25-page-loads-with-stats-cards-chromium\error-context.md

    attachment #3: trace (application/zip) ─────────────────────────────────────────────────────────
    ..\Dashboard Build\Reports\test-artifacts\e2e-dashboard-supplier-das-e0f25-page-loads-with-stats-cards-chromium\trace.zip
    Usage:

        pnpm exec playwright show-trace "..\Dashboard Build\Reports\test-artifacts\e2e-dashboard-supplier-das-e0f25-page-loads-with-stats-cards-chromium\trace.zip"

    ────────────────────────────────────────────────────────────────────────────────────────────────
]]>
</failure>
<system-out>
<![CDATA[
[[ATTACHMENT|test-artifacts\e2e-dashboard-supplier-das-e0f25-page-loads-with-stats-cards-chromium\video.webm]]

[[ATTACHMENT|test-artifacts\e2e-dashboard-supplier-das-e0f25-page-loads-with-stats-cards-chromium\error-context.md]]

[[ATTACHMENT|test-artifacts\e2e-dashboard-supplier-das-e0f25-page-loads-with-stats-cards-chromium\trace.zip]]
]]>
</system-out>
</testcase>
<testcase name="Supplier Dashboard › products page loads with table and Add Product" classname="e2e\dashboard\supplier-dashboard.spec.ts" time="47.483">
<failure message="supplier-dashboard.spec.ts:24:7 products page loads with table and Add Product" type="FAILURE">
<![CDATA[  [chromium] › e2e\dashboard\supplier-dashboard.spec.ts:24:7 › Supplier Dashboard › products page loads with table and Add Product 

    Test timeout of 45000ms exceeded while running "beforeEach" hook.

      3 |
      4 | test.describe("Supplier Dashboard", () => {
    > 5 |   test.beforeEach(async ({ page }) => {
        |        ^
      6 |     await loginAsSupplier(page);
      7 |   });
      8 |
        at C:\Users\Lenovo\Desktop\Workspce\vo-onelink-google\tests\e2e\dashboard\supplier-dashboard.spec.ts:5:8

    Error: page.waitForURL: Test timeout of 45000ms exceeded.
    =========================== logs ===========================
    waiting for navigation to "**/dashboard/supplier**" until "networkidle"
      navigated to "http://127.0.0.1:3001/sign-in?message=Could%20not%20authenticate%20user"
    ============================================================

       at helpers\auth.ts:104

      102 |
      103 |   try {
    > 104 |     await page.waitForURL("**/dashboard/supplier**", {
          |                ^
      105 |       timeout: 30000,
      106 |       waitUntil: "networkidle",
      107 |     });
        at loginAsSupplier (C:\Users\Lenovo\Desktop\Workspce\vo-onelink-google\tests\helpers\auth.ts:104:16)
        at C:\Users\Lenovo\Desktop\Workspce\vo-onelink-google\tests\e2e\dashboard\supplier-dashboard.spec.ts:6:5

    attachment #1: screenshot (image/png) ──────────────────────────────────────────────────────────
    ..\Dashboard Build\Reports\test-artifacts\e2e-dashboard-supplier-das-ae963--with-table-and-Add-Product-chromium\test-failed-1.png
    ────────────────────────────────────────────────────────────────────────────────────────────────

    attachment #2: video (video/webm) ──────────────────────────────────────────────────────────────
    ..\Dashboard Build\Reports\test-artifacts\e2e-dashboard-supplier-das-ae963--with-table-and-Add-Product-chromium\video.webm
    ────────────────────────────────────────────────────────────────────────────────────────────────

    Error Context: ..\Dashboard Build\Reports\test-artifacts\e2e-dashboard-supplier-das-ae963--with-table-and-Add-Product-chromium\error-context.md

    attachment #4: trace (application/zip) ─────────────────────────────────────────────────────────
    ..\Dashboard Build\Reports\test-artifacts\e2e-dashboard-supplier-das-ae963--with-table-and-Add-Product-chromium\trace.zip
    Usage:

        pnpm exec playwright show-trace "..\Dashboard Build\Reports\test-artifacts\e2e-dashboard-supplier-das-ae963--with-table-and-Add-Product-chromium\trace.zip"

    ────────────────────────────────────────────────────────────────────────────────────────────────
]]>
</failure>
<system-out>
<![CDATA[
[[ATTACHMENT|test-artifacts\e2e-dashboard-supplier-das-ae963--with-table-and-Add-Product-chromium\test-failed-1.png]]

[[ATTACHMENT|test-artifacts\e2e-dashboard-supplier-das-ae963--with-table-and-Add-Product-chromium\video.webm]]

[[ATTACHMENT|test-artifacts\e2e-dashboard-supplier-das-ae963--with-table-and-Add-Product-chromium\error-context.md]]

[[ATTACHMENT|test-artifacts\e2e-dashboard-supplier-das-ae963--with-table-and-Add-Product-chromium\trace.zip]]
]]>
</system-out>
</testcase>
<testcase name="Supplier Dashboard › orders page loads" classname="e2e\dashboard\supplier-dashboard.spec.ts" time="72.991">
<failure message="supplier-dashboard.spec.ts:32:7 orders page loads" type="FAILURE">
<![CDATA[  [chromium] › e2e\dashboard\supplier-dashboard.spec.ts:32:7 › Supplier Dashboard › orders page loads 

    Test timeout of 45000ms exceeded while running "beforeEach" hook.

      3 |
      4 | test.describe("Supplier Dashboard", () => {
    > 5 |   test.beforeEach(async ({ page }) => {
        |        ^
      6 |     await loginAsSupplier(page);
      7 |   });
      8 |
        at C:\Users\Lenovo\Desktop\Workspce\vo-onelink-google\tests\e2e\dashboard\supplier-dashboard.spec.ts:5:8

    Error: page.goto: net::ERR_ABORTED; maybe frame was detached?
    Call log:
      - navigating to "http://127.0.0.1:3001/sign-in", waiting until "domcontentloaded"


       at helpers\auth.ts:89

      87 |
      88 | export async function loginAsSupplier(page: Page) {
    > 89 |   await page.goto("/sign-in", { waitUntil: "domcontentloaded" });
         |              ^
      90 |   const email = page
      91 |     .getByLabel(/email/i)
      92 |     .or(page.locator('input[name="email"]').first());
        at loginAsSupplier (C:\Users\Lenovo\Desktop\Workspce\vo-onelink-google\tests\helpers\auth.ts:89:14)
        at C:\Users\Lenovo\Desktop\Workspce\vo-onelink-google\tests\e2e\dashboard\supplier-dashboard.spec.ts:6:26

    attachment #1: video (video/webm) ──────────────────────────────────────────────────────────────
    ..\Dashboard Build\Reports\test-artifacts\e2e-dashboard-supplier-das-ef02a-Dashboard-orders-page-loads-chromium\video.webm
    ────────────────────────────────────────────────────────────────────────────────────────────────

    attachment #2: trace (application/zip) ─────────────────────────────────────────────────────────
    ..\Dashboard Build\Reports\test-artifacts\e2e-dashboard-supplier-das-ef02a-Dashboard-orders-page-loads-chromium\trace.zip
    Usage:

        pnpm exec playwright show-trace "..\Dashboard Build\Reports\test-artifacts\e2e-dashboard-supplier-das-ef02a-Dashboard-orders-page-loads-chromium\trace.zip"

    ────────────────────────────────────────────────────────────────────────────────────────────────
]]>
</failure>
<system-out>
<![CDATA[
[[ATTACHMENT|test-artifacts\e2e-dashboard-supplier-das-ef02a-Dashboard-orders-page-loads-chromium\video.webm]]

[[ATTACHMENT|test-artifacts\e2e-dashboard-supplier-das-ef02a-Dashboard-orders-page-loads-chromium\trace.zip]]
]]>
</system-out>
</testcase>
<testcase name="Supplier Dashboard › analytics page loads" classname="e2e\dashboard\supplier-dashboard.spec.ts" time="74.382">
<failure message="supplier-dashboard.spec.ts:39:7 analytics page loads" type="FAILURE">
<![CDATA[  [chromium] › e2e\dashboard\supplier-dashboard.spec.ts:39:7 › Supplier Dashboard › analytics page loads 

    Test timeout of 45000ms exceeded while running "beforeEach" hook.

      3 |
      4 | test.describe("Supplier Dashboard", () => {
    > 5 |   test.beforeEach(async ({ page }) => {
        |        ^
      6 |     await loginAsSupplier(page);
      7 |   });
      8 |
        at C:\Users\Lenovo\Desktop\Workspce\vo-onelink-google\tests\e2e\dashboard\supplier-dashboard.spec.ts:5:8

    Error: page.goto: net::ERR_ABORTED; maybe frame was detached?
    Call log:
      - navigating to "http://127.0.0.1:3001/sign-in", waiting until "domcontentloaded"


       at helpers\auth.ts:89

      87 |
      88 | export async function loginAsSupplier(page: Page) {
    > 89 |   await page.goto("/sign-in", { waitUntil: "domcontentloaded" });
         |              ^
      90 |   const email = page
      91 |     .getByLabel(/email/i)
      92 |     .or(page.locator('input[name="email"]').first());
        at loginAsSupplier (C:\Users\Lenovo\Desktop\Workspce\vo-onelink-google\tests\helpers\auth.ts:89:14)
        at C:\Users\Lenovo\Desktop\Workspce\vo-onelink-google\tests\e2e\dashboard\supplier-dashboard.spec.ts:6:26

    attachment #1: video (video/webm) ──────────────────────────────────────────────────────────────
    ..\Dashboard Build\Reports\test-artifacts\e2e-dashboard-supplier-das-a2ce8-hboard-analytics-page-loads-chromium\video.webm
    ────────────────────────────────────────────────────────────────────────────────────────────────

    attachment #2: trace (application/zip) ─────────────────────────────────────────────────────────
    ..\Dashboard Build\Reports\test-artifacts\e2e-dashboard-supplier-das-a2ce8-hboard-analytics-page-loads-chromium\trace.zip
    Usage:

        pnpm exec playwright show-trace "..\Dashboard Build\Reports\test-artifacts\e2e-dashboard-supplier-das-a2ce8-hboard-analytics-page-loads-chromium\trace.zip"

    ────────────────────────────────────────────────────────────────────────────────────────────────
]]>
</failure>
<system-out>
<![CDATA[
[[ATTACHMENT|test-artifacts\e2e-dashboard-supplier-das-a2ce8-hboard-analytics-page-loads-chromium\video.webm]]

[[ATTACHMENT|test-artifacts\e2e-dashboard-supplier-das-a2ce8-hboard-analytics-page-loads-chromium\trace.zip]]
]]>
</system-out>
</testcase>
<testcase name="Supplier Dashboard › commissions page loads" classname="e2e\dashboard\supplier-dashboard.spec.ts" time="73.507">
<failure message="supplier-dashboard.spec.ts:46:7 commissions page loads" type="FAILURE">
<![CDATA[  [chromium] › e2e\dashboard\supplier-dashboard.spec.ts:46:7 › Supplier Dashboard › commissions page loads 

    Test timeout of 45000ms exceeded while running "beforeEach" hook.

      3 |
      4 | test.describe("Supplier Dashboard", () => {
    > 5 |   test.beforeEach(async ({ page }) => {
        |        ^
      6 |     await loginAsSupplier(page);
      7 |   });
      8 |
        at C:\Users\Lenovo\Desktop\Workspce\vo-onelink-google\tests\e2e\dashboard\supplier-dashboard.spec.ts:5:8

    Error: page.goto: net::ERR_ABORTED; maybe frame was detached?
    Call log:
      - navigating to "http://127.0.0.1:3001/sign-in", waiting until "domcontentloaded"


       at helpers\auth.ts:89

      87 |
      88 | export async function loginAsSupplier(page: Page) {
    > 89 |   await page.goto("/sign-in", { waitUntil: "domcontentloaded" });
         |              ^
      90 |   const email = page
      91 |     .getByLabel(/email/i)
      92 |     .or(page.locator('input[name="email"]').first());
        at loginAsSupplier (C:\Users\Lenovo\Desktop\Workspce\vo-onelink-google\tests\helpers\auth.ts:89:14)
        at C:\Users\Lenovo\Desktop\Workspce\vo-onelink-google\tests\e2e\dashboard\supplier-dashboard.spec.ts:6:26

    attachment #1: video (video/webm) ──────────────────────────────────────────────────────────────
    ..\Dashboard Build\Reports\test-artifacts\e2e-dashboard-supplier-das-ce35f-oard-commissions-page-loads-chromium\video.webm
    ────────────────────────────────────────────────────────────────────────────────────────────────

    attachment #2: trace (application/zip) ─────────────────────────────────────────────────────────
    ..\Dashboard Build\Reports\test-artifacts\e2e-dashboard-supplier-das-ce35f-oard-commissions-page-loads-chromium\trace.zip
    Usage:

        pnpm exec playwright show-trace "..\Dashboard Build\Reports\test-artifacts\e2e-dashboard-supplier-das-ce35f-oard-commissions-page-loads-chromium\trace.zip"

    ────────────────────────────────────────────────────────────────────────────────────────────────
]]>
</failure>
<system-out>
<![CDATA[
[[ATTACHMENT|test-artifacts\e2e-dashboard-supplier-das-ce35f-oard-commissions-page-loads-chromium\video.webm]]

[[ATTACHMENT|test-artifacts\e2e-dashboard-supplier-das-ce35f-oard-commissions-page-loads-chromium\trace.zip]]
]]>
</system-out>
</testcase>
<testcase name="Supplier Dashboard › settings page loads" classname="e2e\dashboard\supplier-dashboard.spec.ts" time="54.507">
<failure message="supplier-dashboard.spec.ts:51:7 settings page loads" type="FAILURE">
<![CDATA[  [chromium] › e2e\dashboard\supplier-dashboard.spec.ts:51:7 › Supplier Dashboard › settings page loads 

    TimeoutError: locator.click: Timeout 10000ms exceeded.
    Call log:
      - waiting for getByRole('button', { name: /sign in/i }).or(locator('button[type="submit"]').first())
        - locator resolved to <button type="submit" class="inline-flex items-center justify-center gap-2 whitespace-nowrap rounded-lg text-sm font-medium transition-all disabled:pointer-events-none disabled:opacity-50 outline-none bg-indigo-600 text-white shadow-sm hover:bg-indigo-700 focus-visible:ring-2 focus-visible:ring-indigo-500 focus-visible:ring-offset-2 h-9 px-4 py-2">Sign In</button>
      - attempting click action
        - waiting for element to be visible, enabled and stable
        - element is visible, enabled and stable
        - scrolling into view if needed
        - done scrolling
        - performing click action
        - click action done
        - waiting for scheduled navigations to finish


       at helpers\auth.ts:101

       99 |     .getByRole("button", { name: /sign in/i })
      100 |     .or(page.locator('button[type="submit"]').first())
    > 101 |     .click();
          |      ^
      102 |
      103 |   try {
      104 |     await page.waitForURL("**/dashboard/supplier**", {
        at loginAsSupplier (C:\Users\Lenovo\Desktop\Workspce\vo-onelink-google\tests\helpers\auth.ts:101:6)
        at C:\Users\Lenovo\Desktop\Workspce\vo-onelink-google\tests\e2e\dashboard\supplier-dashboard.spec.ts:6:5

    attachment #1: video (video/webm) ──────────────────────────────────────────────────────────────
    ..\Dashboard Build\Reports\test-artifacts\e2e-dashboard-supplier-das-1e0c2-shboard-settings-page-loads-chromium\video.webm
    ────────────────────────────────────────────────────────────────────────────────────────────────

    attachment #2: trace (application/zip) ─────────────────────────────────────────────────────────
    ..\Dashboard Build\Reports\test-artifacts\e2e-dashboard-supplier-das-1e0c2-shboard-settings-page-loads-chromium\trace.zip
    Usage:

        pnpm exec playwright show-trace "..\Dashboard Build\Reports\test-artifacts\e2e-dashboard-supplier-das-1e0c2-shboard-settings-page-loads-chromium\trace.zip"

    ────────────────────────────────────────────────────────────────────────────────────────────────
]]>
</failure>
<system-out>
<![CDATA[
[[ATTACHMENT|test-artifacts\e2e-dashboard-supplier-das-1e0c2-shboard-settings-page-loads-chromium\video.webm]]

[[ATTACHMENT|test-artifacts\e2e-dashboard-supplier-das-1e0c2-shboard-settings-page-loads-chromium\trace.zip]]
]]>
</system-out>
</testcase>
</testsuite>
<testsuite name="e2e\image-gallery\product-card-navigation.spec.ts" timestamp="2025-10-03T13:55:39.268Z" hostname="chromium" tests="2" failures="2" skipped="0" time="58.254" errors="0">
<testcase name="Product Card Image Gallery › hover and navigate images on main shop" classname="e2e\image-gallery\product-card-navigation.spec.ts" time="25.845">
<failure message="product-card-navigation.spec.ts:4:7 hover and navigate images on main shop" type="FAILURE">
<![CDATA[  [chromium] › e2e\image-gallery\product-card-navigation.spec.ts:4:7 › Product Card Image Gallery › hover and navigate images on main shop 

    Error: expect(locator).toBeVisible() failed

    Locator:  locator('[data-testid="product-card"]').first()
    Expected: visible
    Received: <element(s) not found>
    Timeout:  5000ms

    Call log:
      - Expect "toBeVisible" with timeout 5000ms
      - waiting for locator('[data-testid="product-card"]').first()


       5 |     await page.goto("/");
       6 |     const card = page.locator('[data-testid="product-card"]').first();
    >  7 |     await expect(card).toBeVisible();
         |                        ^
       8 |
       9 |     await card.hover();
      10 |     const next = card.getByRole("button", { name: /next|›|right/i }).first();
        at C:\Users\Lenovo\Desktop\Workspce\vo-onelink-google\tests\e2e\image-gallery\product-card-navigation.spec.ts:7:24

    attachment #1: screenshot (image/png) ──────────────────────────────────────────────────────────
    ..\Dashboard Build\Reports\test-artifacts\e2e-image-gallery-product--04a72-avigate-images-on-main-shop-chromium\test-failed-1.png
    ────────────────────────────────────────────────────────────────────────────────────────────────

    attachment #2: video (video/webm) ──────────────────────────────────────────────────────────────
    ..\Dashboard Build\Reports\test-artifacts\e2e-image-gallery-product--04a72-avigate-images-on-main-shop-chromium\video.webm
    ────────────────────────────────────────────────────────────────────────────────────────────────

    Error Context: ..\Dashboard Build\Reports\test-artifacts\e2e-image-gallery-product--04a72-avigate-images-on-main-shop-chromium\error-context.md

    attachment #4: trace (application/zip) ─────────────────────────────────────────────────────────
    ..\Dashboard Build\Reports\test-artifacts\e2e-image-gallery-product--04a72-avigate-images-on-main-shop-chromium\trace.zip
    Usage:

        pnpm exec playwright show-trace "..\Dashboard Build\Reports\test-artifacts\e2e-image-gallery-product--04a72-avigate-images-on-main-shop-chromium\trace.zip"

    ────────────────────────────────────────────────────────────────────────────────────────────────
]]>
</failure>
<system-out>
<![CDATA[
[[ATTACHMENT|test-artifacts\e2e-image-gallery-product--04a72-avigate-images-on-main-shop-chromium\test-failed-1.png]]

[[ATTACHMENT|test-artifacts\e2e-image-gallery-product--04a72-avigate-images-on-main-shop-chromium\video.webm]]

[[ATTACHMENT|test-artifacts\e2e-image-gallery-product--04a72-avigate-images-on-main-shop-chromium\error-context.md]]

[[ATTACHMENT|test-artifacts\e2e-image-gallery-product--04a72-avigate-images-on-main-shop-chromium\trace.zip]]
]]>
</system-out>
</testcase>
<testcase name="Product Card Image Gallery › quick view modal opens and shows thumbnails" classname="e2e\image-gallery\product-card-navigation.spec.ts" time="32.409">
<failure message="product-card-navigation.spec.ts:52:7 quick view modal opens and shows thumbnails" type="FAILURE">
<![CDATA[  [chromium] › e2e\image-gallery\product-card-navigation.spec.ts:52:7 › Product Card Image Gallery › quick view modal opens and shows thumbnails 

    Error: expect(locator).toBeVisible() failed

    Locator:  locator('[data-testid="product-card"] img').first()
    Expected: visible
    Received: <element(s) not found>
    Timeout:  5000ms

    Call log:
      - Expect "toBeVisible" with timeout 5000ms
      - waiting for locator('[data-testid="product-card"] img').first()


      53 |     await page.goto("/");
      54 |     const cardImage = page.locator('[data-testid="product-card"] img').first();
    > 55 |     await expect(cardImage).toBeVisible();
         |                             ^
      56 |     await cardImage.click();
      57 |
      58 |     const modal = page.locator('[role="dialog"], [data-testid="quick-view"]');
        at C:\Users\Lenovo\Desktop\Workspce\vo-onelink-google\tests\e2e\image-gallery\product-card-navigation.spec.ts:55:29

    attachment #1: screenshot (image/png) ──────────────────────────────────────────────────────────
    ..\Dashboard Build\Reports\test-artifacts\e2e-image-gallery-product--cce1e--opens-and-shows-thumbnails-chromium\test-failed-1.png
    ────────────────────────────────────────────────────────────────────────────────────────────────

    attachment #2: video (video/webm) ──────────────────────────────────────────────────────────────
    ..\Dashboard Build\Reports\test-artifacts\e2e-image-gallery-product--cce1e--opens-and-shows-thumbnails-chromium\video.webm
    ────────────────────────────────────────────────────────────────────────────────────────────────

    Error Context: ..\Dashboard Build\Reports\test-artifacts\e2e-image-gallery-product--cce1e--opens-and-shows-thumbnails-chromium\error-context.md

    attachment #4: trace (application/zip) ─────────────────────────────────────────────────────────
    ..\Dashboard Build\Reports\test-artifacts\e2e-image-gallery-product--cce1e--opens-and-shows-thumbnails-chromium\trace.zip
    Usage:

        pnpm exec playwright show-trace "..\Dashboard Build\Reports\test-artifacts\e2e-image-gallery-product--cce1e--opens-and-shows-thumbnails-chromium\trace.zip"

    ────────────────────────────────────────────────────────────────────────────────────────────────
]]>
</failure>
<system-out>
<![CDATA[
[[ATTACHMENT|test-artifacts\e2e-image-gallery-product--cce1e--opens-and-shows-thumbnails-chromium\test-failed-1.png]]

[[ATTACHMENT|test-artifacts\e2e-image-gallery-product--cce1e--opens-and-shows-thumbnails-chromium\video.webm]]

[[ATTACHMENT|test-artifacts\e2e-image-gallery-product--cce1e--opens-and-shows-thumbnails-chromium\error-context.md]]

[[ATTACHMENT|test-artifacts\e2e-image-gallery-product--cce1e--opens-and-shows-thumbnails-chromium\trace.zip]]
]]>
</system-out>
</testcase>
</testsuite>
<testsuite name="e2e\influencer-shop-page.spec.ts" timestamp="2025-10-03T13:55:39.268Z" hostname="chromium" tests="1" failures="1" skipped="0" time="72.867" errors="0">
<testcase name="Influencer shop page › renders products and images for /shop/[handle]" classname="e2e\influencer-shop-page.spec.ts" time="72.867">
<failure message="influencer-shop-page.spec.ts:9:7 renders products and images for /shop/[handle]" type="FAILURE">
<![CDATA[  [chromium] › e2e\influencer-shop-page.spec.ts:9:7 › Influencer shop page › renders products and images for /shop/[handle] 

    Test timeout of 45000ms exceeded.

    Error: page.goto: net::ERR_ABORTED; maybe frame was detached?
    Call log:
      - navigating to "http://127.0.0.1:3001/shop/style-forward", waiting until "load"


       8 | test.describe('Influencer shop page', () => {
       9 |   test('renders products and images for /shop/[handle]', async ({ page }) => {
    > 10 |     await page.goto(`/shop/${HANDLE}`)
         |                ^
      11 |
      12 |     // Should not 404
      13 |     await expect(page.getByText(/This page could not be found/i)).toHaveCount(0)
        at C:\Users\Lenovo\Desktop\Workspce\vo-onelink-google\tests\e2e\influencer-shop-page.spec.ts:10:16

    attachment #1: video (video/webm) ──────────────────────────────────────────────────────────────
    ..\Dashboard Build\Reports\test-artifacts\e2e-influencer-shop-page-I-481e1-and-images-for-shop-handle--chromium\video.webm
    ────────────────────────────────────────────────────────────────────────────────────────────────

    attachment #2: trace (application/zip) ─────────────────────────────────────────────────────────
    ..\Dashboard Build\Reports\test-artifacts\e2e-influencer-shop-page-I-481e1-and-images-for-shop-handle--chromium\trace.zip
    Usage:

        pnpm exec playwright show-trace "..\Dashboard Build\Reports\test-artifacts\e2e-influencer-shop-page-I-481e1-and-images-for-shop-handle--chromium\trace.zip"

    ────────────────────────────────────────────────────────────────────────────────────────────────
]]>
</failure>
<system-out>
<![CDATA[
[[ATTACHMENT|test-artifacts\e2e-influencer-shop-page-I-481e1-and-images-for-shop-handle--chromium\video.webm]]

[[ATTACHMENT|test-artifacts\e2e-influencer-shop-page-I-481e1-and-images-for-shop-handle--chromium\trace.zip]]
]]>
</system-out>
</testcase>
</testsuite>
<testsuite name="e2e\middleware\auth-middleware.spec.ts" timestamp="2025-10-03T13:55:39.268Z" hostname="chromium" tests="2" failures="2" skipped="0" time="143.722" errors="0">
<testcase name="Middleware Authentication &amp; Authorization › unauthenticated user redirected from protected dashboards" classname="e2e\middleware\auth-middleware.spec.ts" time="71.634">
<failure message="auth-middleware.spec.ts:4:7 unauthenticated user redirected from protected dashboards" type="FAILURE">
<![CDATA[  [chromium] › e2e\middleware\auth-middleware.spec.ts:4:7 › Middleware Authentication & Authorization › unauthenticated user redirected from protected dashboards 

    Test timeout of 45000ms exceeded.

    Error: page.goto: net::ERR_ABORTED; maybe frame was detached?
    Call log:
      - navigating to "http://127.0.0.1:3001/dashboard/supplier", waiting until "load"


       5 |     await page.context().clearCookies();
       6 |
    >  7 |     await page.goto("/dashboard/supplier");
         |                ^
       8 |     await expect(page).toHaveURL(/\/(sign-in|login)/);
       9 |
      10 |     await page.goto("/dashboard/influencer");
        at C:\Users\Lenovo\Desktop\Workspce\vo-onelink-google\tests\e2e\middleware\auth-middleware.spec.ts:7:16

    attachment #1: video (video/webm) ──────────────────────────────────────────────────────────────
    ..\Dashboard Build\Reports\test-artifacts\e2e-middleware-auth-middle-3a036-d-from-protected-dashboards-chromium\video.webm
    ────────────────────────────────────────────────────────────────────────────────────────────────

    attachment #2: trace (application/zip) ─────────────────────────────────────────────────────────
    ..\Dashboard Build\Reports\test-artifacts\e2e-middleware-auth-middle-3a036-d-from-protected-dashboards-chromium\trace.zip
    Usage:

        pnpm exec playwright show-trace "..\Dashboard Build\Reports\test-artifacts\e2e-middleware-auth-middle-3a036-d-from-protected-dashboards-chromium\trace.zip"

    ────────────────────────────────────────────────────────────────────────────────────────────────
]]>
</failure>
<system-out>
<![CDATA[
[[ATTACHMENT|test-artifacts\e2e-middleware-auth-middle-3a036-d-from-protected-dashboards-chromium\video.webm]]

[[ATTACHMENT|test-artifacts\e2e-middleware-auth-middle-3a036-d-from-protected-dashboards-chromium\trace.zip]]
]]>
</system-out>
</testcase>
<testcase name="Middleware Authentication &amp; Authorization › session cookie present after login page navigation (smoke)" classname="e2e\middleware\auth-middleware.spec.ts" time="72.088">
<failure message="auth-middleware.spec.ts:14:7 session cookie present after login page navigation (smoke)" type="FAILURE">
<![CDATA[  [chromium] › e2e\middleware\auth-middleware.spec.ts:14:7 › Middleware Authentication & Authorization › session cookie present after login page navigation (smoke) 

    Test timeout of 45000ms exceeded.

    Error: page.goto: net::ERR_ABORTED; maybe frame was detached?
    Call log:
      - navigating to "http://127.0.0.1:3001/sign-in", waiting until "load"


      13 |
      14 |   test("session cookie present after login page navigation (smoke)", async ({ page }) => {
    > 15 |     await page.goto("/sign-in");
         |                ^
      16 |     // We don't perform full login here; this test ensures the page is reachable.
      17 |     // Let this assertion fail naturally to surface real issues in CI.
      18 |     await expect(page).toHaveTitle(/sign in|login/i, { timeout: 30000 });
        at C:\Users\Lenovo\Desktop\Workspce\vo-onelink-google\tests\e2e\middleware\auth-middleware.spec.ts:15:16

    attachment #1: video (video/webm) ──────────────────────────────────────────────────────────────
    ..\Dashboard Build\Reports\test-artifacts\e2e-middleware-auth-middle-8aaa1-ogin-page-navigation-smoke--chromium\video.webm
    ────────────────────────────────────────────────────────────────────────────────────────────────

    attachment #2: trace (application/zip) ─────────────────────────────────────────────────────────
    ..\Dashboard Build\Reports\test-artifacts\e2e-middleware-auth-middle-8aaa1-ogin-page-navigation-smoke--chromium\trace.zip
    Usage:

        pnpm exec playwright show-trace "..\Dashboard Build\Reports\test-artifacts\e2e-middleware-auth-middle-8aaa1-ogin-page-navigation-smoke--chromium\trace.zip"

    ────────────────────────────────────────────────────────────────────────────────────────────────
]]>
</failure>
<system-out>
<![CDATA[
[[ATTACHMENT|test-artifacts\e2e-middleware-auth-middle-8aaa1-ogin-page-navigation-smoke--chromium\video.webm]]

[[ATTACHMENT|test-artifacts\e2e-middleware-auth-middle-8aaa1-ogin-page-navigation-smoke--chromium\trace.zip]]
]]>
</system-out>
</testcase>
</testsuite>
<testsuite name="e2e\oauth-admin.spec.ts" timestamp="2025-10-03T13:55:39.268Z" hostname="chromium" tests="1" failures="1" skipped="0" time="72.065" errors="0">
[...]
    >  7 |   test.beforeEach(async ({ page }) => {
         |        ^
       8 |     await page.goto('/shop')
       9 |     await expect(page.getByTestId('shop-main')).toBeVisible()
      10 |     // Wait for at least one product card
        at C:\Users\Lenovo\Desktop\Workspce\vo-onelink-google\tests\e2e\shop-visual.spec.ts:7:8

    Error: page.goto: net::ERR_ABORTED; maybe frame was detached?
    Call log:
      - navigating to "http://127.0.0.1:3001/shop", waiting until "load"


       6 | test.describe('Shop product images', () => {
       7 |   test.beforeEach(async ({ page }) => {
    >  8 |     await page.goto('/shop')
         |                ^
       9 |     await expect(page.getByTestId('shop-main')).toBeVisible()
      10 |     // Wait for at least one product card
      11 |     await expect(page.getByTestId('product-card').first()).toBeVisible()
        at C:\Users\Lenovo\Desktop\Workspce\vo-onelink-google\tests\e2e\shop-visual.spec.ts:8:16

    attachment #1: video (video/webm) ──────────────────────────────────────────────────────────────
    ..\Dashboard Build\Reports\test-artifacts\e2e-shop-visual-Shop-produ-cd6da-ot-collapse-to-a-thin-strip-chromium\video.webm
    ────────────────────────────────────────────────────────────────────────────────────────────────

    attachment #2: trace (application/zip) ─────────────────────────────────────────────────────────
    ..\Dashboard Build\Reports\test-artifacts\e2e-shop-visual-Shop-produ-cd6da-ot-collapse-to-a-thin-strip-chromium\trace.zip
    Usage:

        pnpm exec playwright show-trace "..\Dashboard Build\Reports\test-artifacts\e2e-shop-visual-Shop-produ-cd6da-ot-collapse-to-a-thin-strip-chromium\trace.zip"

    ────────────────────────────────────────────────────────────────────────────────────────────────
]]>
</failure>
<system-out>
<![CDATA[
[[ATTACHMENT|test-artifacts\e2e-shop-visual-Shop-produ-cd6da-ot-collapse-to-a-thin-strip-chromium\video.webm]]

[[ATTACHMENT|test-artifacts\e2e-shop-visual-Shop-produ-cd6da-ot-collapse-to-a-thin-strip-chromium\trace.zip]]
]]>
</system-out>
</testcase>
<testcase name="Shop product images › Quick View shows full image" classname="e2e\shop-visual.spec.ts" time="70.501">
<failure message="shop-visual.spec.ts:52:7 Quick View shows full image" type="FAILURE">
<![CDATA[  [chromium] › e2e\shop-visual.spec.ts:52:7 › Shop product images › Quick View shows full image ────

    Test timeout of 45000ms exceeded while running "beforeEach" hook.

       5 |
       6 | test.describe('Shop product images', () => {
    >  7 |   test.beforeEach(async ({ page }) => {
         |        ^
       8 |     await page.goto('/shop')
       9 |     await expect(page.getByTestId('shop-main')).toBeVisible()
      10 |     // Wait for at least one product card
        at C:\Users\Lenovo\Desktop\Workspce\vo-onelink-google\tests\e2e\shop-visual.spec.ts:7:8

    Error: page.goto: net::ERR_ABORTED; maybe frame was detached?
    Call log:
      - navigating to "http://127.0.0.1:3001/shop", waiting until "load"


       6 | test.describe('Shop product images', () => {
       7 |   test.beforeEach(async ({ page }) => {
    >  8 |     await page.goto('/shop')
         |                ^
       9 |     await expect(page.getByTestId('shop-main')).toBeVisible()
      10 |     // Wait for at least one product card
      11 |     await expect(page.getByTestId('product-card').first()).toBeVisible()
        at C:\Users\Lenovo\Desktop\Workspce\vo-onelink-google\tests\e2e\shop-visual.spec.ts:8:16

    attachment #1: video (video/webm) ──────────────────────────────────────────────────────────────
    ..\Dashboard Build\Reports\test-artifacts\e2e-shop-visual-Shop-produ-8b2fc-Quick-View-shows-full-image-chromium\video.webm
    ────────────────────────────────────────────────────────────────────────────────────────────────

    attachment #2: trace (application/zip) ─────────────────────────────────────────────────────────
    ..\Dashboard Build\Reports\test-artifacts\e2e-shop-visual-Shop-produ-8b2fc-Quick-View-shows-full-image-chromium\trace.zip
    Usage:

        pnpm exec playwright show-trace "..\Dashboard Build\Reports\test-artifacts\e2e-shop-visual-Shop-produ-8b2fc-Quick-View-shows-full-image-chromium\trace.zip"

    ────────────────────────────────────────────────────────────────────────────────────────────────
]]>
</failure>
<system-out>
<![CDATA[
[[ATTACHMENT|test-artifacts\e2e-shop-visual-Shop-produ-8b2fc-Quick-View-shows-full-image-chromium\video.webm]]

[[ATTACHMENT|test-artifacts\e2e-shop-visual-Shop-produ-8b2fc-Quick-View-shows-full-image-chromium\trace.zip]]
]]>
</system-out>
</testcase>
</testsuite>
<testsuite name="e2e\shops\shop-navigation.spec.ts" timestamp="2025-10-03T13:55:39.268Z" hostname="chromium" tests="1" failures="1" skipped="0" time="54.478" errors="0">
<testcase name="Shops Directory Navigation › visit /shops and navigate to a shop" classname="e2e\shops\shop-navigation.spec.ts" time="54.478">
<failure message="shop-navigation.spec.ts:4:7 visit /shops and navigate to a shop" type="FAILURE">
<![CDATA[  [chromium] › e2e\shops\shop-navigation.spec.ts:4:7 › Shops Directory Navigation › visit /shops and navigate to a shop 

    Test timeout of 45000ms exceeded.

    Error: page.goto: Test timeout of 45000ms exceeded.
    Call log:
      - navigating to "http://127.0.0.1:3001/shops", waiting until "load"


      3 | test.describe("Shops Directory Navigation", () => {
      4 |   test("visit /shops and navigate to a shop", async ({ page }) => {
    > 5 |     await page.goto("/shops");
        |                ^
      6 |     await expect(page).toHaveURL(/\/shops$/);
      7 |
      8 |     const firstCard = page
        at C:\Users\Lenovo\Desktop\Workspce\vo-onelink-google\tests\e2e\shops\shop-navigation.spec.ts:5:16

    attachment #1: video (video/webm) ──────────────────────────────────────────────────────────────
    ..\Dashboard Build\Reports\test-artifacts\e2e-shops-shop-navigation--2071d-hops-and-navigate-to-a-shop-chromium\video.webm
    ────────────────────────────────────────────────────────────────────────────────────────────────

    Error Context: ..\Dashboard Build\Reports\test-artifacts\e2e-shops-shop-navigation--2071d-hops-and-navigate-to-a-shop-chromium\error-context.md

    attachment #3: trace (application/zip) ─────────────────────────────────────────────────────────
    ..\Dashboard Build\Reports\test-artifacts\e2e-shops-shop-navigation--2071d-hops-and-navigate-to-a-shop-chromium\trace.zip
    Usage:

        pnpm exec playwright show-trace "..\Dashboard Build\Reports\test-artifacts\e2e-shops-shop-navigation--2071d-hops-and-navigate-to-a-shop-chromium\trace.zip"

    ────────────────────────────────────────────────────────────────────────────────────────────────
]]>
</failure>
<system-out>
<![CDATA[
[[ATTACHMENT|test-artifacts\e2e-shops-shop-navigation--2071d-hops-and-navigate-to-a-shop-chromium\video.webm]]

[[ATTACHMENT|test-artifacts\e2e-shops-shop-navigation--2071d-hops-and-navigate-to-a-shop-chromium\error-context.md]]

[[ATTACHMENT|test-artifacts\e2e-shops-shop-navigation--2071d-hops-and-navigate-to-a-shop-chromium\trace.zip]]
]]>
</system-out>
</testcase>
</testsuite>
<testsuite name="e2e\shops-directory.spec.ts" timestamp="2025-10-03T13:55:39.268Z" hostname="chromium" tests="1" failures="1" skipped="0" time="56.547" errors="0">
<testcase name="Influencer shops directory › renders shop cards with banner/avatar or fallbacks" classname="e2e\shops-directory.spec.ts" time="56.547">
<failure message="shops-directory.spec.ts:7:7 renders shop cards with banner/avatar or fallbacks" type="FAILURE">
<![CDATA[  [chromium] › e2e\shops-directory.spec.ts:7:7 › Influencer shops directory › renders shop cards with banner/avatar or fallbacks 

    Test timeout of 45000ms exceeded.

    Error: page.goto: Test timeout of 45000ms exceeded.
    Call log:
      - navigating to "http://127.0.0.1:3001/shops", waiting until "load"


       8 |     page,
       9 |   }) => {
    > 10 |     await page.goto("/shops");
         |                ^
      11 |
      12 |     // Page heading present
      13 |     await expect(page.getByText(/Discover Amazing Shops/i)).toBeVisible();
        at C:\Users\Lenovo\Desktop\Workspce\vo-onelink-google\tests\e2e\shops-directory.spec.ts:10:16

    attachment #1: video (video/webm) ──────────────────────────────────────────────────────────────
    ..\Dashboard Build\Reports\test-artifacts\e2e-shops-directory-Influe-bcaea--banner-avatar-or-fallbacks-chromium\video.webm
    ────────────────────────────────────────────────────────────────────────────────────────────────

    Error Context: ..\Dashboard Build\Reports\test-artifacts\e2e-shops-directory-Influe-bcaea--banner-avatar-or-fallbacks-chromium\error-context.md

    attachment #3: trace (application/zip) ─────────────────────────────────────────────────────────
    ..\Dashboard Build\Reports\test-artifacts\e2e-shops-directory-Influe-bcaea--banner-avatar-or-fallbacks-chromium\trace.zip
    Usage:

        pnpm exec playwright show-trace "..\Dashboard Build\Reports\test-artifacts\e2e-shops-directory-Influe-bcaea--banner-avatar-or-fallbacks-chromium\trace.zip"

    ────────────────────────────────────────────────────────────────────────────────────────────────
]]>
</failure>
<system-out>
<![CDATA[
[[ATTACHMENT|test-artifacts\e2e-shops-directory-Influe-bcaea--banner-avatar-or-fallbacks-chromium\video.webm]]

[[ATTACHMENT|test-artifacts\e2e-shops-directory-Influe-bcaea--banner-avatar-or-fallbacks-chromium\error-context.md]]

[[ATTACHMENT|test-artifacts\e2e-shops-directory-Influe-bcaea--banner-avatar-or-fallbacks-chromium\trace.zip]]
]]>
</system-out>
</testcase>
</testsuite>
<testsuite name="e2e\shops-linkage-diagnostics.spec.ts" timestamp="2025-10-03T13:55:39.268Z" hostname="chromium" tests="4" failures="4" skipped="0" time="145.291" errors="0">
<testcase name="Influencer shops linkage diagnostics › directory renders and shows multiple shops" classname="e2e\shops-linkage-diagnostics.spec.ts" time="53.935">
<failure message="shops-linkage-diagnostics.spec.ts:22:7 directory renders and shows multiple shops" type="FAILURE">
<![CDATA[  [chromium] › e2e\shops-linkage-diagnostics.spec.ts:22:7 › Influencer shops linkage diagnostics › directory renders and shows multiple shops 

    Test timeout of 45000ms exceeded.

    Error: expect.toBeVisible: Error: strict mode violation: getByText(/Discover/i) resolved to 2 elements:
        1) <h1 class="text-4xl font-bold mb-4">Discover Amazing Shops</h1> aka getByRole('heading', { name: 'Discover Amazing Shops' })
        2) <p class="text-xs text-gray-500 line-clamp-2 mt-1">Kitchen essentials & gourmet food discoveries 🍳</p> aka getByText('Kitchen essentials & gourmet')

    Call log:
      - Expect "toBeVisible" with timeout 5000ms
      - waiting for getByText(/Discover/i)


      24 |
      25 |     // Title visible
    > 26 |     await expect(page.getByText(/Discover/i)).toBeVisible()
         |                                               ^
      27 |
      28 |     // Cards appear, then hydrate (catch case where they flicker to fewer)
      29 |     const cards = page.getByRole('button', { name: /Visit Shop/i })
        at C:\Users\Lenovo\Desktop\Workspce\vo-onelink-google\tests\e2e\shops-linkage-diagnostics.spec.ts:26:47

    attachment #1: screenshot (image/png) ──────────────────────────────────────────────────────────
    ..\Dashboard Build\Reports\test-artifacts\e2e-shops-linkage-diagnost-fec5e-rs-and-shows-multiple-shops-chromium\test-failed-1.png
    ────────────────────────────────────────────────────────────────────────────────────────────────

    attachment #2: video (video/webm) ──────────────────────────────────────────────────────────────
    ..\Dashboard Build\Reports\test-artifacts\e2e-shops-linkage-diagnost-fec5e-rs-and-shows-multiple-shops-chromium\video.webm
    ────────────────────────────────────────────────────────────────────────────────────────────────

    Error Context: ..\Dashboard Build\Reports\test-artifacts\e2e-shops-linkage-diagnost-fec5e-rs-and-shows-multiple-shops-chromium\error-context.md

    attachment #4: trace (application/zip) ─────────────────────────────────────────────────────────
    ..\Dashboard Build\Reports\test-artifacts\e2e-shops-linkage-diagnost-fec5e-rs-and-shows-multiple-shops-chromium\trace.zip
    Usage:

        pnpm exec playwright show-trace "..\Dashboard Build\Reports\test-artifacts\e2e-shops-linkage-diagnost-fec5e-rs-and-shows-multiple-shops-chromium\trace.zip"

    ────────────────────────────────────────────────────────────────────────────────────────────────
]]>
</failure>
<system-out>
<![CDATA[
[[ATTACHMENT|test-artifacts\e2e-shops-linkage-diagnost-fec5e-rs-and-shows-multiple-shops-chromium\test-failed-1.png]]

[[ATTACHMENT|test-artifacts\e2e-shops-linkage-diagnost-fec5e-rs-and-shows-multiple-shops-chromium\video.webm]]

[[ATTACHMENT|test-artifacts\e2e-shops-linkage-diagnost-fec5e-rs-and-shows-multiple-shops-chromium\error-context.md]]

[[ATTACHMENT|test-artifacts\e2e-shops-linkage-diagnost-fec5e-rs-and-shows-multiple-shops-chromium\trace.zip]]
]]>
</system-out>
</testcase>
<testcase name="Influencer shops linkage diagnostics › each influencer shop API returns products as expected" classname="e2e\shops-linkage-diagnostics.spec.ts" time="10.229">
<failure message="shops-linkage-diagnostics.spec.ts:37:7 each influencer shop API returns products as expected" type="FAILURE">
<![CDATA[  [chromium] › e2e\shops-linkage-diagnostics.spec.ts:37:7 › Influencer shops linkage diagnostics › each influencer shop API returns products as expected 

    TimeoutError: apiRequestContext.get: Timeout 10000ms exceeded.
    Call log:
      - → GET http://127.0.0.1:3001/api/shop/style-forward
        - user-agent: Mozilla/5.0 (Windows NT 10.0; Win64; x64) AppleWebKit/537.36 (KHTML, like Gecko) Chrome/140.0.7339.16 Safari/537.36
        - accept: */*
        - accept-encoding: gzip,deflate,br


      12 |
      13 | async function fetchShopProducts(request: any, baseURL: string, handle: string) {
    > 14 |   const res = await request.get(`${baseURL}/api/shop/${handle}`)
         |                             ^
      15 |   expect(res.ok(), `API /api/shop/${handle} failed`).toBeTruthy()
      16 |   const json = (await res.json()) as any
      17 |   expect(json?.ok, `API /api/shop/${handle} ok=false`).toBeTruthy()
        at fetchShopProducts (C:\Users\Lenovo\Desktop\Workspce\vo-onelink-google\tests\e2e\shops-linkage-diagnostics.spec.ts:14:29)
        at C:\Users\Lenovo\Desktop\Workspce\vo-onelink-google\tests\e2e\shops-linkage-diagnostics.spec.ts:41:30

    attachment #1: trace (application/zip) ─────────────────────────────────────────────────────────
    ..\Dashboard Build\Reports\test-artifacts\e2e-shops-linkage-diagnost-c03f9-eturns-products-as-expected-chromium\trace.zip
    Usage:

        pnpm exec playwright show-trace "..\Dashboard Build\Reports\test-artifacts\e2e-shops-linkage-diagnost-c03f9-eturns-products-as-expected-chromium\trace.zip"

    ────────────────────────────────────────────────────────────────────────────────────────────────
]]>
</failure>
<system-out>
<![CDATA[
[[ATTACHMENT|test-artifacts\e2e-shops-linkage-diagnost-c03f9-eturns-products-as-expected-chromium\trace.zip]]
]]>
</system-out>
</testcase>
<testcase name="Influencer shops linkage diagnostics › shop pages render cards for each handle and first image is visible" classname="e2e\shops-linkage-diagnostics.spec.ts" time="70.804">
<failure message="shops-linkage-diagnostics.spec.ts:68:7 shop pages render cards for each handle and first image is visible" type="FAILURE">
<![CDATA[  [chromium] › e2e\shops-linkage-diagnostics.spec.ts:68:7 › Influencer shops linkage diagnostics › shop pages render cards for each handle and first image is visible 

    Test timeout of 45000ms exceeded.

    Error: page.goto: net::ERR_ABORTED; maybe frame was detached?
    Call log:
      - navigating to "http://127.0.0.1:3001/shop/style-forward", waiting until "load"


      68 |   test('shop pages render cards for each handle and first image is visible', async ({ page }) => {
      69 |     for (const handle of HANDLES) {
    > 70 |       await page.goto(`/shop/${handle}`)
         |                  ^
      71 |       await expect(page.getByText(/This page could not be found/i)).toHaveCount(0)
      72 |       const card = page.getByTestId('product-card').first()
      73 |       await expect(card, `no product card for ${handle}`).toBeVisible()
        at C:\Users\Lenovo\Desktop\Workspce\vo-onelink-google\tests\e2e\shops-linkage-diagnostics.spec.ts:70:18

    attachment #1: video (video/webm) ──────────────────────────────────────────────────────────────
    ..\Dashboard Build\Reports\test-artifacts\e2e-shops-linkage-diagnost-310d1--and-first-image-is-visible-chromium\video.webm
    ────────────────────────────────────────────────────────────────────────────────────────────────

    attachment #2: trace (application/zip) ─────────────────────────────────────────────────────────
    ..\Dashboard Build\Reports\test-artifacts\e2e-shops-linkage-diagnost-310d1--and-first-image-is-visible-chromium\trace.zip
    Usage:

        pnpm exec playwright show-trace "..\Dashboard Build\Reports\test-artifacts\e2e-shops-linkage-diagnost-310d1--and-first-image-is-visible-chromium\trace.zip"

    ────────────────────────────────────────────────────────────────────────────────────────────────
]]>
</failure>
<system-out>
<![CDATA[
[[ATTACHMENT|test-artifacts\e2e-shops-linkage-diagnost-310d1--and-first-image-is-visible-chromium\video.webm]]

[[ATTACHMENT|test-artifacts\e2e-shops-linkage-diagnost-310d1--and-first-image-is-visible-chromium\trace.zip]]
]]>
</system-out>
</testcase>
<testcase name="Checkout smoke › creates Checkout session from tech-trends (if Stripe configured)" classname="e2e\shops-linkage-diagnostics.spec.ts" time="10.323">
<failure message="shops-linkage-diagnostics.spec.ts:91:7 creates Checkout session from tech-trends (if Stripe configured)" type="FAILURE">
<![CDATA[  [chromium] › e2e\shops-linkage-diagnostics.spec.ts:91:7 › Checkout smoke › creates Checkout session from tech-trends (if Stripe configured) 

    TimeoutError: apiRequestContext.get: Timeout 10000ms exceeded.
    Call log:
      - → GET http://127.0.0.1:3001/api/shop/tech-trends
        - user-agent: Mozilla/5.0 (Windows NT 10.0; Win64; x64) AppleWebKit/537.36 (KHTML, like Gecko) Chrome/140.0.7339.16 Safari/537.36
        - accept: */*
        - accept-encoding: gzip,deflate,br


      12 |
      13 | async function fetchShopProducts(request: any, baseURL: string, handle: string) {
    > 14 |   const res = await request.get(`${baseURL}/api/shop/${handle}`)
         |                             ^
      15 |   expect(res.ok(), `API /api/shop/${handle} failed`).toBeTruthy()
      16 |   const json = (await res.json()) as any
      17 |   expect(json?.ok, `API /api/shop/${handle} ok=false`).toBeTruthy()
        at fetchShopProducts (C:\Users\Lenovo\Desktop\Workspce\vo-onelink-google\tests\e2e\shops-linkage-diagnostics.spec.ts:14:29)
        at C:\Users\Lenovo\Desktop\Workspce\vo-onelink-google\tests\e2e\shops-linkage-diagnostics.spec.ts:95:28

    attachment #1: trace (application/zip) ─────────────────────────────────────────────────────────
    ..\Dashboard Build\Reports\test-artifacts\e2e-shops-linkage-diagnost-ca513-rends-if-Stripe-configured--chromium\trace.zip
    Usage:

        pnpm exec playwright show-trace "..\Dashboard Build\Reports\test-artifacts\e2e-shops-linkage-diagnost-ca513-rends-if-Stripe-configured--chromium\trace.zip"

    ────────────────────────────────────────────────────────────────────────────────────────────────
]]>
</failure>
<system-out>
<![CDATA[
[[ATTACHMENT|test-artifacts\e2e-shops-linkage-diagnost-ca513-rends-if-Stripe-configured--chromium\trace.zip]]
]]>
</system-out>
</testcase>
</testsuite>
</testsuites>